Mplus VERSION 8.6
MUTHEN & MUTHEN
01/30/2024   2:24 PM

INPUT INSTRUCTIONS


  data:     file = protest.txt;

  variable: names = sexism liking respappr protest;
            usev = liking respappr protest;

  analysis: estimator = ml;
            bootstrap = 10000;

  model:    liking on respappr (b1)
                       protest;
            respappr on protest (g1);

  Model constraint:
            new(prolik);
            prolik = g1 * b1;

  output:   cinterval(bootstrap);



INPUT READING TERMINATED NORMALLY




SUMMARY OF ANALYSIS

Number of groups                                                 1
Number of observations                                         129

Number of dependent variables                                    2
Number of independent variables                                  1
Number of continuous latent variables                            0

Observed dependent variables

  Continuous
   LIKING      RESPAPPR

Observed independent variables
   PROTEST


Estimator                                                       ML
Information matrix                                        OBSERVED
Maximum number of iterations                                  1000
Convergence criterion                                    0.500D-04
Maximum number of steepest descent iterations                   20
Number of bootstrap draws
    Requested                                                10000
    Completed                                                10000

Input data file(s)
  protest.txt

Input data format  FREE



UNIVARIATE SAMPLE STATISTICS


     UNIVARIATE HIGHER-ORDER MOMENT DESCRIPTIVE STATISTICS

         Variable/         Mean/     Skewness/   Minimum/ % with                Percentiles
        Sample Size      Variance    Kurtosis    Maximum  Min/Max      20%/60%    40%/80%    Median

     LIKING                5.637      -1.167       1.000    0.78%       4.830      5.500      5.830
             129.000       1.093       2.569       7.000    9.30%       6.000      6.500
     RESPAPPR              4.866      -0.761       1.500    1.55%       3.750      4.750      5.250
             129.000       1.803      -0.137       7.000    2.33%       5.500      6.000
     PROTEST               0.682      -0.782       0.000   31.78%       0.000      1.000      1.000
             129.000       0.217      -1.388       1.000   68.22%       1.000      1.000


THE MODEL ESTIMATION TERMINATED NORMALLY



MODEL FIT INFORMATION

Number of Free Parameters                        7

Loglikelihood

          H0 Value                        -373.177
          H1 Value                        -373.177

Information Criteria

          Akaike (AIC)                     760.355
          Bayesian (BIC)                   780.374
          Sample-Size Adjusted BIC         758.235
            (n* = (n + 2) / 24)

Chi-Square Test of Model Fit

          Value                              0.000
          Degrees of Freedom                     0
          P-Value                           0.0000

RMSEA (Root Mean Square Error Of Approximation)

          Estimate                           0.000
          90 Percent C.I.                    0.000  0.000
          Probability RMSEA <= .05           0.000

CFI/TLI

          CFI                                1.000
          TLI                                1.000

Chi-Square Test of Model Fit for the Baseline Model

          Value                             73.390
          Degrees of Freedom                     3
          P-Value                           0.0000

SRMR (Standardized Root Mean Square Residual)

          Value                              0.000



MODEL RESULTS

                                                    Two-Tailed
                    Estimate       S.E.  Est./S.E.    P-Value

 LIKING   ON
    RESPAPPR           0.402      0.078      5.179      0.000
    PROTEST           -0.101      0.206     -0.489      0.625

 RESPAPPR ON
    PROTEST            1.440      0.253      5.700      0.000

 Intercepts
    LIKING             3.747      0.409      9.156      0.000
    RESPAPPR           3.884      0.228     17.054      0.000

 Residual Variances
    LIKING             0.824      0.148      5.553      0.000
    RESPAPPR           1.354      0.161      8.420      0.000

New/Additional Parameters
    PROLIK             0.579      0.151      3.828      0.000


CONFIDENCE INTERVALS OF MODEL RESULTS

                  Lower .5%  Lower 2.5%    Lower 5%    Estimate    Upper 5%  Upper 2.5%   Upper .5%

 LIKING   ON
    RESPAPPR         0.202       0.251       0.276       0.402       0.532       0.555       0.606
    PROTEST         -0.627      -0.493      -0.431      -0.101       0.238       0.310       0.463

 RESPAPPR ON
    PROTEST          0.771       0.943       1.024       1.440       1.855       1.932       2.087

 Intercepts
    LIKING           2.612       2.931       3.068       3.747       4.389       4.518       4.757
    RESPAPPR         3.302       3.441       3.510       3.884       4.257       4.327       4.479

 Residual Variances
    LIKING           0.490       0.540       0.573       0.824       1.061       1.122       1.255
    RESPAPPR         0.947       1.035       1.077       1.354       1.611       1.665       1.754

New/Additional Parameters
    PROLIK           0.246       0.312       0.349       0.579       0.840       0.903       1.027


     Beginning Time:  14:24:48
        Ending Time:  14:24:55
       Elapsed Time:  00:00:07



MUTHEN & MUTHEN
3463 Stoner Ave.
Los Angeles, CA  90066

Tel: (310) 391-9971
Fax: (310) 391-8971
Web: www.StatModel.com
Support: Support@StatModel.com

Copyright (c) 1998-2021 Muthen & Muthen
