Mplus VERSION 8.6
MUTHEN & MUTHEN
03/22/2024  10:48 PM

INPUT INSTRUCTIONS


  DATA:       file = "PSCS_MI.dat";
  VARIABLE:   names = x1 x2 x3 x4 x5 x6 x7 x8 x9 x10
                     x11 x12 x13 x14 x15 x16 x17 x18 x19 x20
                     x21 x22 x23 x24 x25 x26 x27 x28 x29 x30 lang;
              grouping is lang (1=Spanish 2=English);
  MODEL:      emotion by x1 x2 x3 x4 x5 x6 x7 x8 x9 x10;
              instrum by x11 x12 x13 x14 x15 x16 x17 x18 x19 x20;
              nursing by x21 x22 x23 x24 x25 x26 x27 x28 x29 x30;
              x1-x30;
              emotion; instrum; nursing;
              [x1-x30];
              [emotion@0 instrum@0 nursing@0];
  MODEL English:
              x1-x30;
              emotion; instrum; nursing;
              [x1-x30];
              [emotion@0 instrum@0 nursing@0];




INPUT READING TERMINATED NORMALLY




SUMMARY OF ANALYSIS

Number of groups                                                 2
Number of observations
   Group SPANISH                                               250
   Group ENGLISH                                               250
   Total sample size                                           500

Number of dependent variables                                   30
Number of independent variables                                  0
Number of continuous latent variables                            3

Observed dependent variables

  Continuous
   X1          X2          X3          X4          X5          X6
   X7          X8          X9          X10         X11         X12
   X13         X14         X15         X16         X17         X18
   X19         X20         X21         X22         X23         X24
   X25         X26         X27         X28         X29         X30

Continuous latent variables
   EMOTION     INSTRUM     NURSING

Variables with special functions

  Grouping variable     LANG

Estimator                                                       ML
Information matrix                                        OBSERVED
Maximum number of iterations                                  1000
Convergence criterion                                    0.500D-04
Maximum number of steepest descent iterations                   20

Input data file(s)
  PSCS_MI.dat

Input data format  FREE



UNIVARIATE SAMPLE STATISTICS


     UNIVARIATE HIGHER-ORDER MOMENT DESCRIPTIVE STATISTICS FOR SPANISH

         Variable/         Mean/     Skewness/   Minimum/ % with                Percentiles
        Sample Size      Variance    Kurtosis    Maximum  Min/Max      20%/60%    40%/80%    Median

     X1                    6.440      -0.536       0.000    2.80%       4.000      6.000      7.000
             250.000       7.406      -0.526      10.000   15.60%       7.000      9.000
     X2                    6.648      -0.404       0.000    1.20%       5.000      6.000      7.000
             250.000       6.044      -0.512      10.000   16.00%       7.000      9.000
     X3                    6.500      -0.465       0.000    0.80%       4.000      6.000      7.000
             250.000       6.482      -0.555      10.000   13.60%       8.000      9.000
     X4                    6.076      -0.329       0.000    3.20%       3.000      5.000      6.000
             250.000       7.782      -0.785      10.000   13.60%       7.000      9.000
     X5                    6.424      -0.492       0.000    3.60%       4.000      6.000      7.000
             250.000       7.684      -0.523      10.000   19.20%       7.000      9.000
     X6                    6.172      -0.333       0.000    4.00%       4.000      5.000      6.000
             250.000       7.782      -0.636      10.000   17.60%       7.000      9.000
     X7                    6.924      -0.375       0.000    0.80%       5.000      6.000      7.000
             250.000       6.038      -0.664      10.000   23.60%       8.000     10.000
     X8                    6.044      -0.361       0.000    5.20%       3.000      5.000      6.000
             250.000       8.978      -0.899      10.000   17.60%       7.000      9.000
     X9                    6.172      -0.290       0.000    2.80%       4.000      5.000      6.000
             250.000       7.398      -0.834      10.000   14.00%       7.000      9.000
     X10                   6.172      -0.405       0.000    5.20%       4.000      5.000      6.000
             250.000       7.478      -0.531      10.000   14.00%       7.000      9.000
     X11                   6.772      -0.341       1.000    0.80%       5.000      6.000      7.000
             250.000       4.704      -0.518      10.000   12.80%       7.000      9.000
     X12                   7.108      -0.451       1.000    0.40%       5.000      7.000      7.000
             250.000       6.136      -0.887      10.000   25.20%       8.000     10.000
     X13                   5.292      -0.079       0.000   11.60%       2.000      4.000      5.000
             250.000      10.999      -1.186      10.000   16.40%       6.000      9.000
     X14                   7.480      -0.668       0.000    0.40%       6.000      7.000      8.000
             250.000       4.826      -0.078      10.000   26.00%       8.000     10.000
     X15                   7.492      -0.675       0.000    0.40%       5.000      7.000      8.000
             250.000       5.634      -0.554      10.000   29.60%       9.000     10.000
     X16                   7.632      -0.701       1.000    1.20%       5.000      7.000      8.000
             250.000       5.193      -0.391      10.000   32.00%       9.000     10.000
     X17                   7.672      -0.740       0.000    0.40%       6.000      7.000      8.000
             250.000       4.948      -0.173      10.000   31.60%       9.000     10.000
     X18                   7.228      -0.774       0.000    2.00%       5.000      7.000      8.000
             250.000       7.288      -0.286      10.000   30.40%       9.000     10.000
     X19                   6.952      -0.685       0.000    3.20%       4.000      7.000      7.000
             250.000       8.230      -0.504      10.000   29.60%       8.000     10.000
     X20                   7.076      -0.641       0.000    0.40%       5.000      7.000      7.000
             250.000       5.766      -0.312      10.000   18.40%       8.000      9.000
     X21                   6.876      -0.449       0.000    0.80%       4.000      6.000      7.000
             250.000       6.701      -0.764      10.000   21.60%       8.000     10.000
     X22                   7.944      -0.651       2.000    0.40%       6.000      8.000      8.000
             250.000       3.381      -0.261      10.000   28.40%       9.000     10.000
     X23                   8.736      -0.972       4.000    0.40%       8.000      9.000      9.000
             250.000       1.938       0.145      10.000   41.20%      10.000     10.000
     X24                   8.232      -0.583       3.000    0.40%       7.000      8.000      9.000
             250.000       2.898      -0.722      10.000   34.80%       9.000     10.000
     X25                   7.944      -0.758       2.000    1.20%       6.000      8.000      8.000
             250.000       3.717       0.011      10.000   30.40%       9.000     10.000
     X26                   8.408      -0.762       4.000    1.60%       7.000      8.000      9.000
             250.000       2.410      -0.141      10.000   34.80%       9.000     10.000
     X27                   8.304      -0.951       3.000    1.20%       7.000      8.000      9.000
             250.000       2.772       0.397      10.000   31.20%       9.000     10.000
     X28                   8.272      -1.065       2.000    0.40%       7.000      8.000      9.000
             250.000       3.726       0.275      10.000   38.40%       9.000     10.000
     X29                   8.624      -0.980       4.000    1.20%       7.000      9.000      9.000
             250.000       2.235       0.201      10.000   39.20%       9.000     10.000
     X30                   8.712      -0.979       4.000    0.80%       7.000      9.000      9.000
             250.000       2.021       0.222      10.000   41.20%      10.000     10.000


     UNIVARIATE HIGHER-ORDER MOMENT DESCRIPTIVE STATISTICS FOR ENGLISH

         Variable/         Mean/     Skewness/   Minimum/ % with                Percentiles
        Sample Size      Variance    Kurtosis    Maximum  Min/Max      20%/60%    40%/80%    Median

     X1                    6.628      -0.437       0.000    1.60%       4.000      6.000      7.000
             250.000       6.506      -0.550      10.000   18.00%       8.000      9.000
     X2                    5.852      -0.110       0.000    3.20%       3.000      5.000      6.000
             250.000       6.942      -0.770      10.000   11.60%       7.000      8.000
     X3                    5.860      -0.196       0.000    2.40%       3.000      5.000      6.000
             250.000       7.016      -0.746      10.000   10.80%       7.000      8.000
     X4                    5.824      -0.169       0.000    3.60%       3.000      5.000      6.000
             250.000       7.417      -0.768      10.000   12.40%       7.000      9.000
     X5                    6.468      -0.435       0.000    2.40%       4.000      6.000      6.000
             250.000       6.961      -0.432      10.000   18.40%       7.000      9.000
     X6                    5.780      -0.173       0.000    4.00%       3.000      5.000      6.000
             250.000       8.204      -0.876      10.000   14.80%       7.000      9.000
     X7                    6.448      -0.342       0.000    1.20%       4.000      6.000      7.000
             250.000       7.159      -0.838      10.000   17.20%       7.000      9.000
     X8                    5.448      -0.145       0.000    7.60%       3.000      5.000      6.000
             250.000       8.903      -0.915      10.000   12.40%       6.000      8.000
     X9                    6.008      -0.259       0.000    2.00%       3.000      5.000      6.000
             250.000       6.944      -0.700      10.000   12.00%       7.000      9.000
     X10                   5.748      -0.321       0.000    6.80%       3.000      5.000      6.000
             250.000       8.804      -0.888      10.000   11.60%       7.000      9.000
     X11                   6.564      -0.224       0.000    0.40%       5.000      6.000      6.500
             250.000       6.038      -0.675      10.000   19.20%       7.000      9.000
     X12                   6.656      -0.543       0.000    1.60%       5.000      6.000      7.000
             250.000       5.778      -0.166      10.000   13.20%       8.000      9.000
     X13                   4.700       0.114       0.000   14.80%       1.000      4.000      5.000
             250.000      11.050      -1.208      10.000   12.00%       6.000      8.000
     X14                   6.752      -0.482       0.000    1.60%       5.000      6.000      7.000
             250.000       6.362      -0.438      10.000   19.20%       8.000      9.000
     X15                   6.584      -0.280       0.000    0.80%       4.000      6.000      7.000
             250.000       6.395      -0.829      10.000   18.00%       7.000      9.000
     X16                   6.688      -0.287       1.000    0.80%       5.000      6.000      7.000
             250.000       5.439      -0.711      10.000   16.00%       7.000      9.000
     X17                   6.716      -0.378       0.000    0.80%       5.000      6.000      7.000
             250.000       5.779      -0.505      10.000   17.60%       7.000      9.000
     X18                   6.924      -0.512       0.000    0.40%       5.000      6.000      7.000
             250.000       6.278      -0.499      10.000   22.80%       8.000     10.000
     X19                   6.864      -0.573       0.000    3.20%       4.000      6.000      7.000
             250.000       8.102      -0.604      10.000   29.20%       8.000     10.000
     X20                   6.656      -0.443       0.000    1.20%       4.000      6.000      7.000
             250.000       6.522      -0.606      10.000   18.40%       8.000      9.000
     X21                   6.764      -0.449       0.000    1.60%       4.000      6.000      7.000
             250.000       6.268      -0.475      10.000   20.00%       8.000      9.000
     X22                   7.936      -0.603       1.000    0.40%       6.000      8.000      8.000
             250.000       3.628      -0.383      10.000   32.40%       9.000     10.000
     X23                   8.508      -0.844       4.000    1.20%       7.000      8.000      9.000
             250.000       2.394      -0.194      10.000   36.80%       9.000     10.000
     X24                   7.972      -0.775       1.000    0.40%       6.000      8.000      8.000
             250.000       3.723      -0.042      10.000   31.20%       9.000     10.000
     X25                   7.916      -0.573       2.000    0.40%       6.000      7.000      8.000
             250.000       3.349      -0.482      10.000   27.20%       9.000     10.000
     X26                   8.412      -0.978       2.000    0.40%       7.000      8.000      9.000
             250.000       2.802       0.462      10.000   37.20%       9.000     10.000
     X27                   8.048      -0.826       2.000    0.40%       7.000      8.000      8.000
             250.000       3.294       0.113      10.000   28.80%       9.000     10.000
     X28                   8.068      -0.900       1.000    0.40%       6.000      8.000      9.000
             250.000       4.143       0.073      10.000   36.80%       9.000     10.000
     X29                   8.604      -1.110       3.000    0.80%       7.000      8.000      9.000
             250.000       2.343       0.866      10.000   39.20%       9.000     10.000
     X30                   8.632      -1.065       3.000    0.40%       7.000      9.000      9.000
             250.000       2.433       0.415      10.000   41.60%      10.000     10.000


     THIS ANALYSIS MAY HAVE MULTIPLE SOLUTIONS.  EXPLORE THIS USING RANDOM STARTS,
     FOR EXAMPLE, STARTS = 20.  USE A LARGE ENOUGH NUMBER OF STARTS SO THAT THE
     BEST FIT FUNCTION VALUE IS REPLICATED SEVERAL TIMES.


THE MODEL ESTIMATION TERMINATED NORMALLY



MODEL FIT INFORMATION

Number of Free Parameters                      159

Loglikelihood

          H0 Value                      -30387.255
          H1 Value                      -29865.885

Information Criteria

          Akaike (AIC)                   61092.509
          Bayesian (BIC)                 61762.632
          Sample-Size Adjusted BIC       61257.956
            (n* = (n + 2) / 24)

Chi-Square Test of Model Fit

          Value                           1042.739
          Degrees of Freedom                   831
          P-Value                           0.0000

Chi-Square Contribution From Each Group

          SPANISH                          537.935
          ENGLISH                          504.804

RMSEA (Root Mean Square Error Of Approximation)

          Estimate                           0.032
          90 Percent C.I.                    0.025  0.038
          Probability RMSEA <= .05           1.000

CFI/TLI

          CFI                                0.969
          TLI                                0.968

Chi-Square Test of Model Fit for the Baseline Model

          Value                           7773.479
          Degrees of Freedom                   870
          P-Value                           0.0000

SRMR (Standardized Root Mean Square Residual)

          Value                              0.060



MODEL RESULTS

                                                    Two-Tailed
                    Estimate       S.E.  Est./S.E.    P-Value

Group SPANISH

 EMOTION  BY
    X1                 1.000      0.000    999.000    999.000
    X2                 1.144      0.087     13.190      0.000
    X3                 1.272      0.091     14.009      0.000
    X4                 1.445      0.099     14.579      0.000
    X5                 1.433      0.097     14.716      0.000
    X6                 1.194      0.095     12.560      0.000
    X7                 1.230      0.089     13.797      0.000
    X8                 1.247      0.100     12.452      0.000
    X9                 1.143      0.090     12.685      0.000
    X10                1.081      0.094     11.462      0.000

 INSTRUM  BY
    X11                1.000      0.000    999.000    999.000
    X12                1.116      0.211      5.298      0.000
    X13                0.875      0.237      3.694      0.000
    X14                2.606      0.368      7.085      0.000
    X15                2.840      0.398      7.130      0.000
    X16                2.846      0.395      7.205      0.000
    X17                2.993      0.414      7.236      0.000
    X18                1.097      0.216      5.069      0.000
    X19                0.644      0.198      3.250      0.001
    X20                0.861      0.191      4.510      0.000

 NURSING  BY
    X21                1.000      0.000    999.000    999.000
    X22                2.149      0.413      5.198      0.000
    X23                1.896      0.361      5.251      0.000
    X24                0.722      0.190      3.800      0.000
    X25                1.021      0.233      4.385      0.000
    X26                1.783      0.345      5.166      0.000
    X27                0.932      0.214      4.358      0.000
    X28                0.901      0.222      4.065      0.000
    X29                2.331      0.437      5.332      0.000
    X30                2.164      0.408      5.304      0.000

 INSTRUM  WITH
    EMOTION            0.613      0.126      4.874      0.000

 NURSING  WITH
    EMOTION            0.521      0.125      4.178      0.000
    INSTRUM            0.281      0.073      3.848      0.000

 Means
    EMOTION            0.000      0.000    999.000    999.000
    INSTRUM            0.000      0.000    999.000    999.000
    NURSING            0.000      0.000    999.000    999.000

 Intercepts
    X1                 6.440      0.166     38.827      0.000
    X2                 6.648      0.157     42.464      0.000
    X3                 6.500      0.162     40.110      0.000
    X4                 6.076      0.173     35.221      0.000
    X5                 6.424      0.173     37.200      0.000
    X6                 6.172      0.176     35.125      0.000
    X7                 6.924      0.160     43.315      0.000
    X8                 6.044      0.193     31.288      0.000
    X9                 6.172      0.172     35.886      0.000
    X10                6.172      0.181     34.092      0.000
    X11                6.772      0.136     49.845      0.000
    X12                7.108      0.153     46.385      0.000
    X13                5.292      0.210     25.216      0.000
    X14                7.480      0.144     52.051      0.000
    X15                7.492      0.151     49.619      0.000
    X16                7.632      0.141     54.137      0.000
    X17                7.672      0.142     54.067      0.000
    X18                7.228      0.167     43.333      0.000
    X19                6.952      0.180     38.611      0.000
    X20                7.076      0.151     46.720      0.000
    X21                6.876      0.163     42.107      0.000
    X22                7.944      0.116     68.749      0.000
    X23                8.736      0.090     96.578      0.000
    X24                8.232      0.110     74.850      0.000
    X25                7.944      0.121     65.519      0.000
    X26                8.408      0.099     85.073      0.000
    X27                8.304      0.106     78.228      0.000
    X28                8.272      0.121     68.337      0.000
    X29                8.624      0.093     92.910      0.000
    X30                8.712      0.091     95.566      0.000

 Variances
    EMOTION            2.562      0.395      6.481      0.000
    INSTRUM            0.503      0.146      3.457      0.001
    NURSING            0.343      0.132      2.598      0.009

 Residual Variances
    X1                 4.315      0.407     10.610      0.000
    X2                 2.775      0.272     10.215      0.000
    X3                 2.420      0.247      9.800      0.000
    X4                 2.088      0.232      9.005      0.000
    X5                 2.190      0.238      9.200      0.000
    X6                 4.068      0.389     10.449      0.000
    X7                 2.509      0.252      9.964      0.000
    X8                 5.342      0.504     10.599      0.000
    X9                 4.046      0.385     10.511      0.000
    X10                5.200      0.485     10.725      0.000
    X11                4.111      0.371     11.095      0.000
    X12                5.244      0.474     11.064      0.000
    X13               10.626      0.952     11.159      0.000
    X14                1.743      0.174     10.040      0.000
    X15                1.638      0.170      9.657      0.000
    X16                0.890      0.109      8.171      0.000
    X17                0.523      0.087      5.986      0.000
    X18                6.350      0.573     11.073      0.000
    X19                7.896      0.708     11.147      0.000
    X20                5.362      0.481     11.137      0.000
    X21                6.324      0.568     11.136      0.000
    X22                1.755      0.168     10.468      0.000
    X23                0.813      0.081     10.044      0.000
    X24                2.845      0.256     11.102      0.000
    X25                3.318      0.299     11.093      0.000
    X26                1.353      0.128     10.544      0.000
    X27                2.519      0.227     11.092      0.000
    X28                3.385      0.305     11.104      0.000
    X29                0.291      0.048      6.105      0.000
    X30                0.473      0.055      8.530      0.000

Group ENGLISH

 EMOTION  BY
    X1                 1.000      0.000    999.000    999.000
    X2                 1.144      0.087     13.190      0.000
    X3                 1.272      0.091     14.009      0.000
    X4                 1.445      0.099     14.579      0.000
    X5                 1.433      0.097     14.716      0.000
    X6                 1.194      0.095     12.560      0.000
    X7                 1.230      0.089     13.797      0.000
    X8                 1.247      0.100     12.452      0.000
    X9                 1.143      0.090     12.685      0.000
    X10                1.081      0.094     11.462      0.000

 INSTRUM  BY
    X11                1.000      0.000    999.000    999.000
    X12                1.116      0.211      5.298      0.000
    X13                0.875      0.237      3.694      0.000
    X14                2.606      0.368      7.085      0.000
    X15                2.840      0.398      7.130      0.000
    X16                2.846      0.395      7.205      0.000
    X17                2.993      0.414      7.236      0.000
    X18                1.097      0.216      5.069      0.000
    X19                0.644      0.198      3.250      0.001
    X20                0.861      0.191      4.510      0.000

 NURSING  BY
    X21                1.000      0.000    999.000    999.000
    X22                2.149      0.413      5.198      0.000
    X23                1.896      0.361      5.251      0.000
    X24                0.722      0.190      3.800      0.000
    X25                1.021      0.233      4.385      0.000
    X26                1.783      0.345      5.166      0.000
    X27                0.932      0.214      4.358      0.000
    X28                0.901      0.222      4.065      0.000
    X29                2.331      0.437      5.332      0.000
    X30                2.164      0.408      5.304      0.000

 INSTRUM  WITH
    EMOTION            0.737      0.145      5.080      0.000

 NURSING  WITH
    EMOTION            0.443      0.114      3.873      0.000
    INSTRUM            0.284      0.075      3.777      0.000

 Means
    EMOTION            0.000      0.000    999.000    999.000
    INSTRUM            0.000      0.000    999.000    999.000
    NURSING            0.000      0.000    999.000    999.000

 Intercepts
    X1                 6.628      0.168     39.460      0.000
    X2                 5.852      0.165     35.384      0.000
    X3                 5.860      0.166     35.217      0.000
    X4                 5.824      0.177     32.943      0.000
    X5                 6.468      0.169     38.234      0.000
    X6                 5.780      0.182     31.769      0.000
    X7                 6.448      0.164     39.208      0.000
    X8                 5.448      0.185     29.370      0.000
    X9                 6.008      0.167     36.042      0.000
    X10                5.748      0.180     31.925      0.000
    X11                6.564      0.157     41.819      0.000
    X12                6.656      0.156     42.793      0.000
    X13                4.700      0.210     22.368      0.000
    X14                6.752      0.154     43.730      0.000
    X15                6.584      0.159     41.390      0.000
    X16                6.688      0.151     44.249      0.000
    X17                6.716      0.151     44.530      0.000
    X18                6.924      0.162     42.656      0.000
    X19                6.864      0.181     37.836      0.000
    X20                6.656      0.162     41.097      0.000
    X21                6.764      0.159     42.608      0.000
    X22                7.936      0.121     65.478      0.000
    X23                8.508      0.096     89.035      0.000
    X24                7.972      0.120     66.670      0.000
    X25                7.916      0.116     68.017      0.000
    X26                8.412      0.105     79.966      0.000
    X27                8.048      0.114     70.678      0.000
    X28                8.068      0.130     62.130      0.000
    X29                8.604      0.098     87.690      0.000
    X30                8.632      0.097     88.599      0.000

 Variances
    EMOTION            2.582      0.396      6.523      0.000
    INSTRUM            0.571      0.165      3.457      0.001
    NURSING            0.400      0.154      2.601      0.009

 Residual Variances
    X1                 4.472      0.417     10.712      0.000
    X2                 3.460      0.334     10.367      0.000
    X3                 2.745      0.277      9.906      0.000
    X4                 2.421      0.258      9.399      0.000
    X5                 1.849      0.209      8.837      0.000
    X6                 4.597      0.436     10.532      0.000
    X7                 2.852      0.286      9.982      0.000
    X8                 4.585      0.440     10.419      0.000
    X9                 3.572      0.343     10.401      0.000
    X10                5.088      0.481     10.585      0.000
    X11                5.588      0.502     11.121      0.000
    X12                5.337      0.481     11.089      0.000
    X13               10.600      0.950     11.156      0.000
    X14                2.079      0.208     10.011      0.000
    X15                1.717      0.179      9.605      0.000
    X16                1.082      0.128      8.459      0.000
    X17                0.568      0.099      5.727      0.000
    X18                5.900      0.532     11.092      0.000
    X19                7.991      0.716     11.154      0.000
    X20                6.135      0.551     11.141      0.000
    X21                5.900      0.530     11.139      0.000
    X22                1.822      0.174     10.475      0.000
    X23                0.843      0.084     10.050      0.000
    X24                3.366      0.304     11.081      0.000
    X25                2.969      0.268     11.096      0.000
    X26                1.494      0.141     10.629      0.000
    X27                2.893      0.261     11.094      0.000
    X28                3.890      0.350     11.129      0.000
    X29                0.230      0.044      5.175      0.000
    X30                0.497      0.059      8.487      0.000


QUALITY OF NUMERICAL RESULTS

     Condition Number for the Information Matrix              0.885E-04
       (ratio of smallest to largest eigenvalue)


     Beginning Time:  22:48:13
        Ending Time:  22:48:13
       Elapsed Time:  00:00:00



MUTHEN & MUTHEN
3463 Stoner Ave.
Los Angeles, CA  90066

Tel: (310) 391-9971
Fax: (310) 391-8971
Web: www.StatModel.com
Support: Support@StatModel.com

Copyright (c) 1998-2021 Muthen & Muthen
