Mplus VERSION 8.6
MUTHEN & MUTHEN
03/08/2024  10:48 PM

INPUT INSTRUCTIONS


  DATA:       file = "PSCS_MI.dat";
  VARIABLE:   names = x1 x2 x3 x4 x5 x6 x7 x8 x9 x10
                     x11 x12 x13 x14 x15 x16 x17 x18 x19 x20
                     x21 x22 x23 x24 x25 x26 x27 x28 x29 x30 lang;
              grouping is lang (1=Spanish 2=English);
  MODEL:      emotion by x1 x2 x3 x4 x5 x6 x7 x8 x9 x10;
              instrum by x11 x12 x13 x14 x15 x16 x17 x18 x19 x20;
              nursing by x21 x22 x23 x24 x25 x26 x27 x28 x29 x30;
              x1-x30;
              emotion; instrum; nursing;
              [x1-x30];
              [emotion@0 instrum@0 nursing@0];
  MODEL English:
              emotion by x1@1 x2 x3 x4 x5 x6 x7 x8 x9 x10;
              instrum by x11@1 x12 x13 x14 x15 x16 x17 x18 x19 x20;
              nursing by x21@1 x22 x23 x24 x25 x26 x27 x28 x29 x30;
              x1-x30;
              emotion; instrum; nursing;
              [x1-x30];
              [emotion@0 instrum@0 nursing@0];




INPUT READING TERMINATED NORMALLY




SUMMARY OF ANALYSIS

Number of groups                                                 2
Number of observations
   Group SPANISH                                               250
   Group ENGLISH                                               250
   Total sample size                                           500

Number of dependent variables                                   30
Number of independent variables                                  0
Number of continuous latent variables                            3

Observed dependent variables

  Continuous
   X1          X2          X3          X4          X5          X6
   X7          X8          X9          X10         X11         X12
   X13         X14         X15         X16         X17         X18
   X19         X20         X21         X22         X23         X24
   X25         X26         X27         X28         X29         X30

Continuous latent variables
   EMOTION     INSTRUM     NURSING

Variables with special functions

  Grouping variable     LANG

Estimator                                                       ML
Information matrix                                        OBSERVED
Maximum number of iterations                                  1000
Convergence criterion                                    0.500D-04
Maximum number of steepest descent iterations                   20

Input data file(s)
  PSCS_MI.dat

Input data format  FREE



UNIVARIATE SAMPLE STATISTICS


     UNIVARIATE HIGHER-ORDER MOMENT DESCRIPTIVE STATISTICS FOR SPANISH

         Variable/         Mean/     Skewness/   Minimum/ % with                Percentiles
        Sample Size      Variance    Kurtosis    Maximum  Min/Max      20%/60%    40%/80%    Median

     X1                    7.440      -0.536       1.000    2.80%       5.000      7.000      8.000
             250.000       7.406      -0.526      11.000   15.60%       8.000     10.000
     X2                    7.648      -0.404       1.000    1.20%       6.000      7.000      8.000
             250.000       6.044      -0.512      11.000   16.00%       8.000     10.000
     X3                    7.500      -0.465       1.000    0.80%       5.000      7.000      8.000
             250.000       6.482      -0.555      11.000   13.60%       9.000     10.000
     X4                    7.076      -0.329       1.000    3.20%       4.000      6.000      7.000
             250.000       7.782      -0.785      11.000   13.60%       8.000     10.000
     X5                    7.424      -0.492       1.000    3.60%       5.000      7.000      8.000
             250.000       7.684      -0.523      11.000   19.20%       8.000     10.000
     X6                    7.172      -0.333       1.000    4.00%       5.000      6.000      7.000
             250.000       7.782      -0.636      11.000   17.60%       8.000     10.000
     X7                    7.924      -0.375       1.000    0.80%       6.000      7.000      8.000
             250.000       6.038      -0.664      11.000   23.60%       9.000     11.000
     X8                    7.044      -0.361       1.000    5.20%       4.000      6.000      7.000
             250.000       8.978      -0.899      11.000   17.60%       8.000     10.000
     X9                    7.172      -0.290       1.000    2.80%       5.000      6.000      7.000
             250.000       7.398      -0.834      11.000   14.00%       8.000     10.000
     X10                   7.172      -0.405       1.000    5.20%       5.000      6.000      7.000
             250.000       7.478      -0.531      11.000   14.00%       8.000     10.000
     X11                   7.772      -0.341       2.000    0.80%       6.000      7.000      8.000
             250.000       4.704      -0.518      11.000   12.80%       8.000     10.000
     X12                   8.108      -0.451       2.000    0.40%       6.000      8.000      8.000
             250.000       6.136      -0.887      11.000   25.20%       9.000     11.000
     X13                   6.292      -0.079       1.000   11.60%       3.000      5.000      6.000
             250.000      10.999      -1.186      11.000   16.40%       7.000     10.000
     X14                   8.480      -0.668       1.000    0.40%       7.000      8.000      9.000
             250.000       4.826      -0.078      11.000   26.00%       9.000     11.000
     X15                   8.492      -0.675       1.000    0.40%       6.000      8.000      9.000
             250.000       5.634      -0.554      11.000   29.60%      10.000     11.000
     X16                   7.632      -0.701       1.000    1.20%       5.000      7.000      8.000
             250.000       5.193      -0.391      10.000   32.00%       9.000     10.000
     X17                   8.672      -0.740       1.000    0.40%       7.000      8.000      9.000
             250.000       4.948      -0.173      11.000   31.60%      10.000     11.000
     X18                   8.228      -0.774       1.000    2.00%       6.000      8.000      9.000
             250.000       7.288      -0.286      11.000   30.40%      10.000     11.000
     X19                   7.952      -0.685       1.000    3.20%       5.000      8.000      8.000
             250.000       8.230      -0.504      11.000   29.60%       9.000     11.000
     X20                   8.076      -0.641       1.000    0.40%       6.000      8.000      8.000
             250.000       5.766      -0.312      11.000   18.40%       9.000     10.000
     X21                   7.876      -0.449       1.000    0.80%       5.000      7.000      8.000
             250.000       6.701      -0.764      11.000   21.60%       9.000     11.000
     X22                   7.944      -0.651       2.000    0.40%       6.000      8.000      8.000
             250.000       3.381      -0.261      10.000   28.40%       9.000     10.000
     X23                   5.736      -0.972       1.000    0.40%       5.000      6.000      6.000
             250.000       1.938       0.145       7.000   41.20%       7.000      7.000
     X24                   7.232      -0.583       2.000    0.40%       6.000      7.000      8.000
             250.000       2.898      -0.722       9.000   34.80%       8.000      9.000
     X25                   6.944      -0.758       1.000    1.20%       5.000      7.000      7.000
             250.000       3.717       0.011       9.000   30.40%       8.000      9.000
     X26                   7.408      -0.762       3.000    1.60%       6.000      7.000      8.000
             250.000       2.410      -0.141       9.000   34.80%       8.000      9.000
     X27                   7.304      -0.951       2.000    1.20%       6.000      7.000      8.000
             250.000       2.772       0.397       9.000   31.20%       8.000      9.000
     X28                   8.272      -1.065       2.000    0.40%       7.000      8.000      9.000
             250.000       3.726       0.275      10.000   38.40%       9.000     10.000
     X29                   6.624      -0.980       2.000    1.20%       5.000      7.000      7.000
             250.000       2.235       0.201       8.000   39.20%       7.000      8.000
     X30                   6.712      -0.979       2.000    0.80%       5.000      7.000      7.000
             250.000       2.021       0.222       8.000   41.20%       8.000      8.000


     UNIVARIATE HIGHER-ORDER MOMENT DESCRIPTIVE STATISTICS FOR ENGLISH

         Variable/         Mean/     Skewness/   Minimum/ % with                Percentiles
        Sample Size      Variance    Kurtosis    Maximum  Min/Max      20%/60%    40%/80%    Median

     X1                    7.628      -0.437       1.000    1.60%       5.000      7.000      8.000
             250.000       6.506      -0.550      11.000   18.00%       9.000     10.000
     X2                    6.852      -0.110       1.000    3.20%       4.000      6.000      7.000
             250.000       6.942      -0.770      11.000   11.60%       8.000      9.000
     X3                    6.860      -0.196       1.000    2.40%       4.000      6.000      7.000
             250.000       7.016      -0.746      11.000   10.80%       8.000      9.000
     X4                    6.824      -0.169       1.000    3.60%       4.000      6.000      7.000
             250.000       7.417      -0.768      11.000   12.40%       8.000     10.000
     X5                    7.468      -0.435       1.000    2.40%       5.000      7.000      7.000
             250.000       6.961      -0.432      11.000   18.40%       8.000     10.000
     X6                    6.780      -0.173       1.000    4.00%       4.000      6.000      7.000
             250.000       8.204      -0.876      11.000   14.80%       8.000     10.000
     X7                    7.448      -0.342       1.000    1.20%       5.000      7.000      8.000
             250.000       7.159      -0.838      11.000   17.20%       8.000     10.000
     X8                    6.448      -0.145       1.000    7.60%       4.000      6.000      7.000
             250.000       8.903      -0.915      11.000   12.40%       7.000      9.000
     X9                    7.008      -0.259       1.000    2.00%       4.000      6.000      7.000
             250.000       6.944      -0.700      11.000   12.00%       8.000     10.000
     X10                   6.748      -0.321       1.000    6.80%       4.000      6.000      7.000
             250.000       8.804      -0.888      11.000   11.60%       8.000     10.000
     X11                   7.564      -0.224       1.000    0.40%       6.000      7.000      7.500
             250.000       6.038      -0.675      11.000   19.20%       8.000     10.000
     X12                   7.656      -0.543       1.000    1.60%       6.000      7.000      8.000
             250.000       5.778      -0.166      11.000   13.20%       9.000     10.000
     X13                   5.700       0.114       1.000   14.80%       2.000      5.000      6.000
             250.000      11.050      -1.208      11.000   12.00%       7.000      9.000
     X14                   7.752      -0.482       1.000    1.60%       6.000      7.000      8.000
             250.000       6.362      -0.438      11.000   19.20%       9.000     10.000
     X15                   7.584      -0.280       1.000    0.80%       5.000      7.000      8.000
             250.000       6.395      -0.829      11.000   18.00%       8.000     10.000
     X16                   6.688      -0.287       1.000    0.80%       5.000      6.000      7.000
             250.000       5.439      -0.711      10.000   16.00%       7.000      9.000
     X17                   7.716      -0.378       1.000    0.80%       6.000      7.000      8.000
             250.000       5.779      -0.505      11.000   17.60%       8.000     10.000
     X18                   7.924      -0.512       1.000    0.40%       6.000      7.000      8.000
             250.000       6.278      -0.499      11.000   22.80%       9.000     11.000
     X19                   7.864      -0.573       1.000    3.20%       5.000      7.000      8.000
             250.000       8.102      -0.604      11.000   29.20%       9.000     11.000
     X20                   7.656      -0.443       1.000    1.20%       5.000      7.000      8.000
             250.000       6.522      -0.606      11.000   18.40%       9.000     10.000
     X21                   7.764      -0.449       1.000    1.60%       5.000      7.000      8.000
             250.000       6.268      -0.475      11.000   20.00%       9.000     10.000
     X22                   7.936      -0.603       1.000    0.40%       6.000      8.000      8.000
             250.000       3.628      -0.383      10.000   32.40%       9.000     10.000
     X23                   5.508      -0.844       1.000    1.20%       4.000      5.000      6.000
             250.000       2.394      -0.194       7.000   36.80%       6.000      7.000
     X24                   6.976      -0.727       1.000    0.40%       5.000      7.000      7.000
             250.000       3.671      -0.276       9.000   31.20%       8.000      9.000
     X25                   6.916      -0.573       1.000    0.40%       5.000      6.000      7.000
             250.000       3.349      -0.482       9.000   27.20%       8.000      9.000
     X26                   7.412      -0.978       1.000    0.40%       6.000      7.000      8.000
             250.000       2.802       0.462       9.000   37.20%       8.000      9.000
     X27                   7.048      -0.826       1.000    0.40%       6.000      7.000      7.000
             250.000       3.294       0.113       9.000   28.80%       8.000      9.000
     X28                   8.068      -0.900       1.000    0.40%       6.000      8.000      9.000
             250.000       4.143       0.073      10.000   36.80%       9.000     10.000
     X29                   6.604      -1.110       1.000    0.80%       5.000      6.000      7.000
             250.000       2.343       0.866       8.000   39.20%       7.000      8.000
     X30                   6.632      -1.065       1.000    0.40%       5.000      7.000      7.000
             250.000       2.433       0.415       8.000   41.60%       8.000      8.000


     THIS ANALYSIS MAY HAVE MULTIPLE SOLUTIONS.  EXPLORE THIS USING RANDOM STARTS,
     FOR EXAMPLE, STARTS = 20.  USE A LARGE ENOUGH NUMBER OF STARTS SO THAT THE
     BEST FIT FUNCTION VALUE IS REPLICATED SEVERAL TIMES.


THE MODEL ESTIMATION TERMINATED NORMALLY



MODEL FIT INFORMATION

Number of Free Parameters                      186

Loglikelihood

          H0 Value                      -30367.792
          H1 Value                      -29864.041

Information Criteria

          Akaike (AIC)                   61107.584
          Bayesian (BIC)                 61891.501
          Sample-Size Adjusted BIC       61301.126
            (n* = (n + 2) / 24)

Chi-Square Test of Model Fit

          Value                           1007.503
          Degrees of Freedom                   804
          P-Value                           0.0000

Chi-Square Contribution From Each Group

          SPANISH                          520.010
          ENGLISH                          487.493

RMSEA (Root Mean Square Error Of Approximation)

          Estimate                           0.032
          90 Percent C.I.                    0.025  0.038
          Probability RMSEA <= .05           1.000

CFI/TLI

          CFI                                0.971
          TLI                                0.968

Chi-Square Test of Model Fit for the Baseline Model

          Value                           7773.665
          Degrees of Freedom                   870
          P-Value                           0.0000

SRMR (Standardized Root Mean Square Residual)

          Value                              0.054



MODEL RESULTS

                                                    Two-Tailed
                    Estimate       S.E.  Est./S.E.    P-Value

Group SPANISH

 EMOTION  BY
    X1                 1.000      0.000    999.000    999.000
    X2                 1.017      0.099     10.294      0.000
    X3                 1.132      0.104     10.903      0.000
    X4                 1.345      0.116     11.550      0.000
    X5                 1.321      0.115     11.503      0.000
    X6                 1.083      0.112      9.709      0.000
    X7                 1.054      0.099     10.597      0.000
    X8                 1.071      0.118      9.093      0.000
    X9                 1.030      0.109      9.494      0.000
    X10                0.847      0.107      7.947      0.000

 INSTRUM  BY
    X11                1.000      0.000    999.000    999.000
    X12                1.242      0.283      4.383      0.000
    X13                0.789      0.303      2.601      0.009
    X14                2.249      0.397      5.665      0.000
    X15                2.571      0.448      5.739      0.000
    X16                2.676      0.459      5.835      0.000
    X17                2.699      0.462      5.848      0.000
    X18                1.290      0.302      4.265      0.000
    X19                0.772      0.269      2.869      0.004
    X20                0.822      0.238      3.450      0.001

 NURSING  BY
    X21                1.000      0.000    999.000    999.000
    X22                2.076      0.572      3.629      0.000
    X23                1.726      0.473      3.648      0.000
    X24                0.425      0.212      2.007      0.045
    X25                1.034      0.338      3.059      0.002
    X26                1.666      0.463      3.600      0.000
    X27                0.815      0.275      2.961      0.003
    X28                0.961      0.323      2.973      0.003
    X29                2.286      0.616      3.711      0.000
    X30                2.021      0.547      3.698      0.000

 INSTRUM  WITH
    EMOTION            0.749      0.173      4.319      0.000

 NURSING  WITH
    EMOTION            0.604      0.187      3.228      0.001
    INSTRUM            0.323      0.109      2.960      0.003

 Means
    EMOTION            0.000      0.000    999.000    999.000
    INSTRUM            0.000      0.000    999.000    999.000
    NURSING            0.000      0.000    999.000    999.000

 Intercepts
    X1                 7.440      0.172     43.225      0.000
    X2                 7.648      0.155     49.187      0.000
    X3                 7.500      0.161     46.577      0.000
    X4                 7.076      0.176     40.106      0.000
    X5                 7.424      0.175     42.345      0.000
    X6                 7.172      0.176     40.649      0.000
    X7                 7.924      0.155     50.987      0.000
    X8                 7.044      0.190     37.170      0.000
    X9                 7.172      0.172     41.691      0.000
    X10                7.172      0.173     41.467      0.000
    X11                7.772      0.137     56.659      0.000
    X12                8.108      0.157     51.752      0.000
    X13                6.292      0.210     29.998      0.000
    X14                8.480      0.139     61.036      0.000
    X15                8.492      0.150     56.568      0.000
    X16                7.632      0.144     52.956      0.000
    X17                8.672      0.141     61.639      0.000
    X18                8.228      0.171     48.190      0.000
    X19                7.952      0.181     43.828      0.000
    X20                8.076      0.152     53.177      0.000
    X21                7.876      0.164     48.108      0.000
    X22                7.944      0.116     68.312      0.000
    X23                5.736      0.088     65.143      0.000
    X24                7.232      0.108     67.169      0.000
    X25                6.944      0.122     56.950      0.000
    X26                7.408      0.098     75.458      0.000
    X27                7.304      0.105     69.369      0.000
    X28                8.272      0.122     67.758      0.000
    X29                6.624      0.095     70.063      0.000
    X30                6.712      0.090     74.651      0.000

 Variances
    EMOTION            3.164      0.559      5.661      0.000
    INSTRUM            0.605      0.212      2.859      0.004
    NURSING            0.377      0.205      1.841      0.066

 Residual Variances
    X1                 4.242      0.402     10.557      0.000
    X2                 2.775      0.272     10.201      0.000
    X3                 2.430      0.248      9.782      0.000
    X4                 2.056      0.233      8.840      0.000
    X5                 2.166      0.239      9.063      0.000
    X6                 4.070      0.391     10.423      0.000
    X7                 2.521      0.252     10.014      0.000
    X8                 5.350      0.504     10.619      0.000
    X9                 4.041      0.385     10.487      0.000
    X10                5.207      0.481     10.820      0.000
    X11                4.099      0.370     11.091      0.000
    X12                5.203      0.470     11.069      0.000
    X13               10.622      0.952     11.159      0.000
    X14                1.764      0.174     10.117      0.000
    X15                1.632      0.170      9.627      0.000
    X16                0.858      0.109      7.836      0.000
    X17                0.539      0.090      6.018      0.000
    X18                6.281      0.567     11.085      0.000
    X19                7.869      0.706     11.153      0.000
    X20                5.357      0.481     11.135      0.000
    X21                6.324      0.568     11.135      0.000
    X22                1.758      0.168     10.444      0.000
    X23                0.817      0.081     10.131      0.000
    X24                2.830      0.254     11.162      0.000
    X25                3.314      0.299     11.089      0.000
    X26                1.365      0.129     10.547      0.000
    X27                2.521      0.227     11.103      0.000
    X28                3.378      0.304     11.101      0.000
    X29                0.267      0.049      5.456      0.000
    X30                0.482      0.056      8.587      0.000

Group ENGLISH

 EMOTION  BY
    X1                 1.000      0.000    999.000    999.000
    X2                 1.317      0.156      8.446      0.000
    X3                 1.456      0.162      8.981      0.000
    X4                 1.567      0.170      9.231      0.000
    X5                 1.591      0.170      9.378      0.000
    X6                 1.337      0.165      8.099      0.000
    X7                 1.471      0.164      8.973      0.000
    X8                 1.473      0.176      8.360      0.000
    X9                 1.292      0.154      8.380      0.000
    X10                1.381      0.171      8.053      0.000

 INSTRUM  BY
    X11                1.000      0.000    999.000    999.000
    X12                1.004      0.320      3.137      0.002
    X13                1.003      0.390      2.572      0.010
    X14                3.097      0.721      4.298      0.000
    X15                3.222      0.749      4.303      0.000
    X16                3.101      0.717      4.328      0.000
    X17                3.412      0.784      4.352      0.000
    X18                0.942      0.318      2.964      0.003
    X19                0.516      0.298      1.733      0.083
    X20                0.922      0.318      2.898      0.004

 NURSING  BY
    X21                1.000      0.000    999.000    999.000
    X22                2.228      0.601      3.705      0.000
    X23                2.069      0.551      3.757      0.000
    X24                1.039      0.334      3.109      0.002
    X25                1.023      0.326      3.140      0.002
    X26                1.897      0.514      3.688      0.000
    X27                1.058      0.332      3.185      0.001
    X28                0.833      0.304      2.736      0.006
    X29                2.397      0.629      3.809      0.000
    X30                2.309      0.610      3.785      0.000

 INSTRUM  WITH
    EMOTION            0.577      0.161      3.577      0.000

 NURSING  WITH
    EMOTION            0.374      0.122      3.069      0.002
    INSTRUM            0.241      0.089      2.703      0.007

 Means
    EMOTION            0.000      0.000    999.000    999.000
    INSTRUM            0.000      0.000    999.000    999.000
    NURSING            0.000      0.000    999.000    999.000

 Intercepts
    X1                 7.628      0.161     47.286      0.000
    X2                 6.852      0.167     41.119      0.000
    X3                 6.860      0.168     40.948      0.000
    X4                 6.824      0.172     39.618      0.000
    X5                 7.468      0.167     44.755      0.000
    X6                 6.780      0.181     37.428      0.000
    X7                 7.448      0.169     44.012      0.000
    X8                 6.448      0.189     34.168      0.000
    X9                 7.008      0.167     42.050      0.000
    X10                6.748      0.188     35.958      0.000
    X11                7.564      0.155     48.672      0.000
    X12                7.656      0.152     50.361      0.000
    X13                5.700      0.210     27.112      0.000
    X14                7.752      0.160     48.592      0.000
    X15                7.584      0.160     47.418      0.000
    X16                6.688      0.147     45.344      0.000
    X17                7.716      0.152     50.748      0.000
    X18                7.924      0.158     50.003      0.000
    X19                7.864      0.180     43.685      0.000
    X20                7.656      0.162     47.402      0.000
    X21                7.764      0.158     49.032      0.000
    X22                7.936      0.120     65.879      0.000
    X23                5.508      0.098     56.287      0.000
    X24                6.976      0.121     57.565      0.000
    X25                6.916      0.116     59.755      0.000
    X26                7.412      0.106     70.009      0.000
    X27                7.048      0.115     61.404      0.000
    X28                8.068      0.129     62.670      0.000
    X29                6.604      0.097     68.214      0.000
    X30                6.632      0.099     67.233      0.000

 Variances
    EMOTION            2.015      0.435      4.634      0.000
    INSTRUM            0.450      0.210      2.146      0.032
    NURSING            0.365      0.194      1.883      0.060

 Residual Variances
    X1                 4.490      0.416     10.792      0.000
    X2                 3.445      0.334     10.316      0.000
    X3                 2.742      0.279      9.839      0.000
    X4                 2.470      0.261      9.475      0.000
    X5                 1.860      0.211      8.831      0.000
    X6                 4.600      0.437     10.517      0.000
    X7                 2.800      0.284      9.857      0.000
    X8                 4.529      0.437     10.358      0.000
    X9                 3.580      0.345     10.378      0.000
    X10                4.962      0.472     10.523      0.000
    X11                5.588      0.502     11.134      0.000
    X12                5.324      0.478     11.132      0.000
    X13               10.597      0.950     11.156      0.000
    X14                2.043      0.206      9.926      0.000
    X15                1.720      0.180      9.578      0.000
    X16                1.109      0.129      8.597      0.000
    X17                0.538      0.100      5.366      0.000
    X18                5.879      0.528     11.141      0.000
    X19                7.982      0.714     11.171      0.000
    X20                6.139      0.551     11.144      0.000
    X21                5.903      0.530     11.139      0.000
    X22                1.816      0.174     10.460      0.000
    X23                0.831      0.084      9.936      0.000
    X24                3.277      0.295     11.101      0.000
    X25                2.967      0.267     11.096      0.000
    X26                1.489      0.141     10.592      0.000
    X27                2.885      0.260     11.086      0.000
    X28                3.890      0.349     11.138      0.000
    X29                0.246      0.045      5.419      0.000
    X30                0.486      0.059      8.282      0.000


QUALITY OF NUMERICAL RESULTS

     Condition Number for the Information Matrix              0.753E-04
       (ratio of smallest to largest eigenvalue)


     Beginning Time:  22:48:30
        Ending Time:  22:48:31
       Elapsed Time:  00:00:01



MUTHEN & MUTHEN
3463 Stoner Ave.
Los Angeles, CA  90066

Tel: (310) 391-9971
Fax: (310) 391-8971
Web: www.StatModel.com
Support: Support@StatModel.com

Copyright (c) 1998-2021 Muthen & Muthen
