Mplus VERSION 8.6
MUTHEN & MUTHEN
03/22/2024  10:48 PM

INPUT INSTRUCTIONS


  DATA:       file = "PSCS_MI.dat";
  VARIABLE:   names = x1 x2 x3 x4 x5 x6 x7 x8 x9 x10
                     x11 x12 x13 x14 x15 x16 x17 x18 x19 x20
                     x21 x22 x23 x24 x25 x26 x27 x28 x29 x30 lang;
              grouping is lang (1=Spanish 2=English);
  MODEL:      emotion by x1 x2 x3 x4 x5 x6 x7 x8 x9 x10;
              instrum by x11 x12 x13 x14 x15 x16 x17 x18 x19 x20;
              nursing by x21 x22 x23 x24 x25 x26 x27 x28 x29 x30;
              x1-x30;
              emotion; instrum; nursing;
              [x1-x30] (1-30);
              [emotion instrum nursing];
  MODEL English:
              x1-x30;
              [x1-x30] (1-30);
              [emotion instrum nursing];




INPUT READING TERMINATED NORMALLY




SUMMARY OF ANALYSIS

Number of groups                                                 2
Number of observations
   Group SPANISH                                               250
   Group ENGLISH                                               250
   Total sample size                                           500

Number of dependent variables                                   30
Number of independent variables                                  0
Number of continuous latent variables                            3

Observed dependent variables

  Continuous
   X1          X2          X3          X4          X5          X6
   X7          X8          X9          X10         X11         X12
   X13         X14         X15         X16         X17         X18
   X19         X20         X21         X22         X23         X24
   X25         X26         X27         X28         X29         X30

Continuous latent variables
   EMOTION     INSTRUM     NURSING

Variables with special functions

  Grouping variable     LANG

Estimator                                                       ML
Information matrix                                        OBSERVED
Maximum number of iterations                                  1000
Convergence criterion                                    0.500D-04
Maximum number of steepest descent iterations                   20

Input data file(s)
  PSCS_MI.dat

Input data format  FREE



UNIVARIATE SAMPLE STATISTICS


     UNIVARIATE HIGHER-ORDER MOMENT DESCRIPTIVE STATISTICS FOR SPANISH

         Variable/         Mean/     Skewness/   Minimum/ % with                Percentiles
        Sample Size      Variance    Kurtosis    Maximum  Min/Max      20%/60%    40%/80%    Median

     X1                    6.440      -0.536       0.000    2.80%       4.000      6.000      7.000
             250.000       7.406      -0.526      10.000   15.60%       7.000      9.000
     X2                    6.648      -0.404       0.000    1.20%       5.000      6.000      7.000
             250.000       6.044      -0.512      10.000   16.00%       7.000      9.000
     X3                    6.500      -0.465       0.000    0.80%       4.000      6.000      7.000
             250.000       6.482      -0.555      10.000   13.60%       8.000      9.000
     X4                    6.076      -0.329       0.000    3.20%       3.000      5.000      6.000
             250.000       7.782      -0.785      10.000   13.60%       7.000      9.000
     X5                    6.424      -0.492       0.000    3.60%       4.000      6.000      7.000
             250.000       7.684      -0.523      10.000   19.20%       7.000      9.000
     X6                    6.172      -0.333       0.000    4.00%       4.000      5.000      6.000
             250.000       7.782      -0.636      10.000   17.60%       7.000      9.000
     X7                    6.924      -0.375       0.000    0.80%       5.000      6.000      7.000
             250.000       6.038      -0.664      10.000   23.60%       8.000     10.000
     X8                    6.044      -0.361       0.000    5.20%       3.000      5.000      6.000
             250.000       8.978      -0.899      10.000   17.60%       7.000      9.000
     X9                    6.172      -0.290       0.000    2.80%       4.000      5.000      6.000
             250.000       7.398      -0.834      10.000   14.00%       7.000      9.000
     X10                   6.172      -0.405       0.000    5.20%       4.000      5.000      6.000
             250.000       7.478      -0.531      10.000   14.00%       7.000      9.000
     X11                   6.772      -0.341       1.000    0.80%       5.000      6.000      7.000
             250.000       4.704      -0.518      10.000   12.80%       7.000      9.000
     X12                   7.108      -0.451       1.000    0.40%       5.000      7.000      7.000
             250.000       6.136      -0.887      10.000   25.20%       8.000     10.000
     X13                   5.292      -0.079       0.000   11.60%       2.000      4.000      5.000
             250.000      10.999      -1.186      10.000   16.40%       6.000      9.000
     X14                   7.480      -0.668       0.000    0.40%       6.000      7.000      8.000
             250.000       4.826      -0.078      10.000   26.00%       8.000     10.000
     X15                   7.492      -0.675       0.000    0.40%       5.000      7.000      8.000
             250.000       5.634      -0.554      10.000   29.60%       9.000     10.000
     X16                   7.632      -0.701       1.000    1.20%       5.000      7.000      8.000
             250.000       5.193      -0.391      10.000   32.00%       9.000     10.000
     X17                   7.672      -0.740       0.000    0.40%       6.000      7.000      8.000
             250.000       4.948      -0.173      10.000   31.60%       9.000     10.000
     X18                   7.228      -0.774       0.000    2.00%       5.000      7.000      8.000
             250.000       7.288      -0.286      10.000   30.40%       9.000     10.000
     X19                   6.952      -0.685       0.000    3.20%       4.000      7.000      7.000
             250.000       8.230      -0.504      10.000   29.60%       8.000     10.000
     X20                   7.076      -0.641       0.000    0.40%       5.000      7.000      7.000
             250.000       5.766      -0.312      10.000   18.40%       8.000      9.000
     X21                   6.876      -0.449       0.000    0.80%       4.000      6.000      7.000
             250.000       6.701      -0.764      10.000   21.60%       8.000     10.000
     X22                   7.944      -0.651       2.000    0.40%       6.000      8.000      8.000
             250.000       3.381      -0.261      10.000   28.40%       9.000     10.000
     X23                   8.736      -0.972       4.000    0.40%       8.000      9.000      9.000
             250.000       1.938       0.145      10.000   41.20%      10.000     10.000
     X24                   8.232      -0.583       3.000    0.40%       7.000      8.000      9.000
             250.000       2.898      -0.722      10.000   34.80%       9.000     10.000
     X25                   7.944      -0.758       2.000    1.20%       6.000      8.000      8.000
             250.000       3.717       0.011      10.000   30.40%       9.000     10.000
     X26                   8.408      -0.762       4.000    1.60%       7.000      8.000      9.000
             250.000       2.410      -0.141      10.000   34.80%       9.000     10.000
     X27                   8.304      -0.951       3.000    1.20%       7.000      8.000      9.000
             250.000       2.772       0.397      10.000   31.20%       9.000     10.000
     X28                   8.272      -1.065       2.000    0.40%       7.000      8.000      9.000
             250.000       3.726       0.275      10.000   38.40%       9.000     10.000
     X29                   8.624      -0.980       4.000    1.20%       7.000      9.000      9.000
             250.000       2.235       0.201      10.000   39.20%       9.000     10.000
     X30                   8.712      -0.979       4.000    0.80%       7.000      9.000      9.000
             250.000       2.021       0.222      10.000   41.20%      10.000     10.000


     UNIVARIATE HIGHER-ORDER MOMENT DESCRIPTIVE STATISTICS FOR ENGLISH

         Variable/         Mean/     Skewness/   Minimum/ % with                Percentiles
        Sample Size      Variance    Kurtosis    Maximum  Min/Max      20%/60%    40%/80%    Median

     X1                    6.628      -0.437       0.000    1.60%       4.000      6.000      7.000
             250.000       6.506      -0.550      10.000   18.00%       8.000      9.000
     X2                    5.852      -0.110       0.000    3.20%       3.000      5.000      6.000
             250.000       6.942      -0.770      10.000   11.60%       7.000      8.000
     X3                    5.860      -0.196       0.000    2.40%       3.000      5.000      6.000
             250.000       7.016      -0.746      10.000   10.80%       7.000      8.000
     X4                    5.824      -0.169       0.000    3.60%       3.000      5.000      6.000
             250.000       7.417      -0.768      10.000   12.40%       7.000      9.000
     X5                    6.468      -0.435       0.000    2.40%       4.000      6.000      6.000
             250.000       6.961      -0.432      10.000   18.40%       7.000      9.000
     X6                    5.780      -0.173       0.000    4.00%       3.000      5.000      6.000
             250.000       8.204      -0.876      10.000   14.80%       7.000      9.000
     X7                    6.448      -0.342       0.000    1.20%       4.000      6.000      7.000
             250.000       7.159      -0.838      10.000   17.20%       7.000      9.000
     X8                    5.448      -0.145       0.000    7.60%       3.000      5.000      6.000
             250.000       8.903      -0.915      10.000   12.40%       6.000      8.000
     X9                    6.008      -0.259       0.000    2.00%       3.000      5.000      6.000
             250.000       6.944      -0.700      10.000   12.00%       7.000      9.000
     X10                   5.748      -0.321       0.000    6.80%       3.000      5.000      6.000
             250.000       8.804      -0.888      10.000   11.60%       7.000      9.000
     X11                   6.564      -0.224       0.000    0.40%       5.000      6.000      6.500
             250.000       6.038      -0.675      10.000   19.20%       7.000      9.000
     X12                   6.656      -0.543       0.000    1.60%       5.000      6.000      7.000
             250.000       5.778      -0.166      10.000   13.20%       8.000      9.000
     X13                   4.700       0.114       0.000   14.80%       1.000      4.000      5.000
             250.000      11.050      -1.208      10.000   12.00%       6.000      8.000
     X14                   6.752      -0.482       0.000    1.60%       5.000      6.000      7.000
             250.000       6.362      -0.438      10.000   19.20%       8.000      9.000
     X15                   6.584      -0.280       0.000    0.80%       4.000      6.000      7.000
             250.000       6.395      -0.829      10.000   18.00%       7.000      9.000
     X16                   6.688      -0.287       1.000    0.80%       5.000      6.000      7.000
             250.000       5.439      -0.711      10.000   16.00%       7.000      9.000
     X17                   6.716      -0.378       0.000    0.80%       5.000      6.000      7.000
             250.000       5.779      -0.505      10.000   17.60%       7.000      9.000
     X18                   6.924      -0.512       0.000    0.40%       5.000      6.000      7.000
             250.000       6.278      -0.499      10.000   22.80%       8.000     10.000
     X19                   6.864      -0.573       0.000    3.20%       4.000      6.000      7.000
             250.000       8.102      -0.604      10.000   29.20%       8.000     10.000
     X20                   6.656      -0.443       0.000    1.20%       4.000      6.000      7.000
             250.000       6.522      -0.606      10.000   18.40%       8.000      9.000
     X21                   6.764      -0.449       0.000    1.60%       4.000      6.000      7.000
             250.000       6.268      -0.475      10.000   20.00%       8.000      9.000
     X22                   7.936      -0.603       1.000    0.40%       6.000      8.000      8.000
             250.000       3.628      -0.383      10.000   32.40%       9.000     10.000
     X23                   8.508      -0.844       4.000    1.20%       7.000      8.000      9.000
             250.000       2.394      -0.194      10.000   36.80%       9.000     10.000
     X24                   7.972      -0.775       1.000    0.40%       6.000      8.000      8.000
             250.000       3.723      -0.042      10.000   31.20%       9.000     10.000
     X25                   7.916      -0.573       2.000    0.40%       6.000      7.000      8.000
             250.000       3.349      -0.482      10.000   27.20%       9.000     10.000
     X26                   8.412      -0.978       2.000    0.40%       7.000      8.000      9.000
             250.000       2.802       0.462      10.000   37.20%       9.000     10.000
     X27                   8.048      -0.826       2.000    0.40%       7.000      8.000      8.000
             250.000       3.294       0.113      10.000   28.80%       9.000     10.000
     X28                   8.068      -0.900       1.000    0.40%       6.000      8.000      9.000
             250.000       4.143       0.073      10.000   36.80%       9.000     10.000
     X29                   8.604      -1.110       3.000    0.80%       7.000      8.000      9.000
             250.000       2.343       0.866      10.000   39.20%       9.000     10.000
     X30                   8.632      -1.065       3.000    0.40%       7.000      9.000      9.000
             250.000       2.433       0.415      10.000   41.60%      10.000     10.000


     THIS ANALYSIS MAY HAVE MULTIPLE SOLUTIONS.  EXPLORE THIS USING RANDOM STARTS,
     FOR EXAMPLE, STARTS = 20.  USE A LARGE ENOUGH NUMBER OF STARTS SO THAT THE
     BEST FIT FUNCTION VALUE IS REPLICATED SEVERAL TIMES.


THE MODEL ESTIMATION TERMINATED NORMALLY



MODEL FIT INFORMATION

Number of Free Parameters                      132

Loglikelihood

          H0 Value                      -30412.595
          H1 Value                      -29865.885

Information Criteria

          Akaike (AIC)                   61089.190
          Bayesian (BIC)                 61645.518
          Sample-Size Adjusted BIC       61226.542
            (n* = (n + 2) / 24)

Chi-Square Test of Model Fit

          Value                           1093.420
          Degrees of Freedom                   858
          P-Value                           0.0000

Chi-Square Contribution From Each Group

          SPANISH                          563.950
          ENGLISH                          529.470

RMSEA (Root Mean Square Error Of Approximation)

          Estimate                           0.033
          90 Percent C.I.                    0.027  0.039
          Probability RMSEA <= .05           1.000

CFI/TLI

          CFI                                0.966
          TLI                                0.965

Chi-Square Test of Model Fit for the Baseline Model

          Value                           7773.479
          Degrees of Freedom                   870
          P-Value                           0.0000

SRMR (Standardized Root Mean Square Residual)

          Value                              0.061



MODEL RESULTS

                                                    Two-Tailed
                    Estimate       S.E.  Est./S.E.    P-Value

Group SPANISH

 EMOTION  BY
    X1                 1.000      0.000    999.000    999.000
    X2                 1.172      0.090     13.054      0.000
    X3                 1.297      0.094     13.850      0.000
    X4                 1.461      0.102     14.390      0.000
    X5                 1.437      0.099     14.472      0.000
    X6                 1.212      0.097     12.463      0.000
    X7                 1.251      0.092     13.655      0.000
    X8                 1.271      0.103     12.368      0.000
    X9                 1.155      0.092     12.557      0.000
    X10                1.100      0.096     11.406      0.000

 INSTRUM  BY
    X11                1.000      0.000    999.000    999.000
    X12                1.149      0.212      5.411      0.000
    X13                0.937      0.240      3.909      0.000
    X14                2.633      0.369      7.140      0.000
    X15                2.888      0.402      7.187      0.000
    X16                2.899      0.399      7.260      0.000
    X17                3.043      0.417      7.290      0.000
    X18                1.108      0.216      5.135      0.000
    X19                0.637      0.196      3.248      0.001
    X20                0.897      0.192      4.659      0.000

 NURSING  BY
    X21                1.000      0.000    999.000    999.000
    X22                2.145      0.412      5.207      0.000
    X23                1.895      0.360      5.259      0.000
    X24                0.727      0.190      3.814      0.000
    X25                1.019      0.232      4.391      0.000
    X26                1.778      0.344      5.175      0.000
    X27                0.936      0.214      4.369      0.000
    X28                0.904      0.222      4.075      0.000
    X29                2.324      0.435      5.342      0.000
    X30                2.161      0.407      5.314      0.000

 INSTRUM  WITH
    EMOTION            0.595      0.122      4.883      0.000

 NURSING  WITH
    EMOTION            0.515      0.123      4.178      0.000
    INSTRUM            0.277      0.072      3.859      0.000

 Means
    EMOTION            0.000      0.000    999.000    999.000
    INSTRUM            0.000      0.000    999.000    999.000
    NURSING            0.000      0.000    999.000    999.000

 Intercepts
    X1                 6.661      0.140     47.683      0.000
    X2                 6.431      0.144     44.666      0.000
    X3                 6.359      0.151     42.199      0.000
    X4                 6.136      0.163     37.653      0.000
    X5                 6.653      0.161     41.236      0.000
    X6                 6.137      0.154     39.726      0.000
    X7                 6.855      0.147     46.671      0.000
    X8                 5.902      0.164     35.967      0.000
    X9                 6.245      0.147     42.515      0.000
    X10                6.103      0.151     40.300      0.000
    X11                6.817      0.109     62.748      0.000
    X12                7.063      0.117     60.234      0.000
    X13                5.143      0.155     33.106      0.000
    X14                7.525      0.133     56.398      0.000
    X15                7.491      0.142     52.713      0.000
    X16                7.617      0.137     55.561      0.000
    X17                7.672      0.140     54.727      0.000
    X18                7.251      0.124     58.570      0.000
    X19                7.008      0.132     53.038      0.000
    X20                7.011      0.116     60.215      0.000
    X21                6.834      0.117     58.482      0.000
    X22                7.973      0.101     79.217      0.000
    X23                8.654      0.083    104.759      0.000
    X24                8.123      0.084     97.093      0.000
    X25                7.946      0.088     90.217      0.000
    X26                8.437      0.086     98.476      0.000
    X27                8.199      0.082    100.096      0.000
    X28                8.190      0.092     89.098      0.000
    X29                8.654      0.091     94.992      0.000
    X30                8.706      0.087     99.772      0.000

 Variances
    EMOTION            2.492      0.389      6.407      0.000
    INSTRUM            0.487      0.140      3.478      0.001
    NURSING            0.344      0.132      2.602      0.009

 Residual Variances
    X1                 4.381      0.415     10.560      0.000
    X2                 2.826      0.280     10.097      0.000
    X3                 2.442      0.251      9.731      0.000
    X4                 2.090      0.233      8.983      0.000
    X5                 2.276      0.248      9.173      0.000
    X6                 4.066      0.390     10.436      0.000
    X7                 2.512      0.253      9.932      0.000
    X8                 5.362      0.507     10.569      0.000
    X9                 4.050      0.386     10.502      0.000
    X10                5.203      0.486     10.713      0.000
    X11                4.115      0.371     11.094      0.000
    X12                5.242      0.474     11.062      0.000
    X13               10.648      0.955     11.145      0.000
    X14                1.746      0.174     10.050      0.000
    X15                1.638      0.170      9.659      0.000
    X16                0.887      0.109      8.158      0.000
    X17                0.524      0.087      5.994      0.000
    X18                6.352      0.574     11.076      0.000
    X19                7.903      0.709     11.147      0.000
    X20                5.364      0.482     11.131      0.000
    X21                6.325      0.568     11.134      0.000
    X22                1.755      0.168     10.463      0.000
    X23                0.822      0.082      9.998      0.000
    X24                2.857      0.258     11.076      0.000
    X25                3.318      0.299     11.093      0.000
    X26                1.353      0.128     10.539      0.000
    X27                2.530      0.229     11.064      0.000
    X28                3.391      0.306     11.091      0.000
    X29                0.295      0.048      6.133      0.000
    X30                0.472      0.055      8.508      0.000

Group ENGLISH

 EMOTION  BY
    X1                 1.000      0.000    999.000    999.000
    X2                 1.172      0.090     13.054      0.000
    X3                 1.297      0.094     13.850      0.000
    X4                 1.461      0.102     14.390      0.000
    X5                 1.437      0.099     14.472      0.000
    X6                 1.212      0.097     12.463      0.000
    X7                 1.251      0.092     13.655      0.000
    X8                 1.271      0.103     12.368      0.000
    X9                 1.155      0.092     12.557      0.000
    X10                1.100      0.096     11.406      0.000

 INSTRUM  BY
    X11                1.000      0.000    999.000    999.000
    X12                1.149      0.212      5.411      0.000
    X13                0.937      0.240      3.909      0.000
    X14                2.633      0.369      7.140      0.000
    X15                2.888      0.402      7.187      0.000
    X16                2.899      0.399      7.260      0.000
    X17                3.043      0.417      7.290      0.000
    X18                1.108      0.216      5.135      0.000
    X19                0.637      0.196      3.248      0.001
    X20                0.897      0.192      4.659      0.000

 NURSING  BY
    X21                1.000      0.000    999.000    999.000
    X22                2.145      0.412      5.207      0.000
    X23                1.895      0.360      5.259      0.000
    X24                0.727      0.190      3.814      0.000
    X25                1.019      0.232      4.391      0.000
    X26                1.778      0.344      5.175      0.000
    X27                0.936      0.214      4.369      0.000
    X28                0.904      0.222      4.075      0.000
    X29                2.324      0.435      5.342      0.000
    X30                2.161      0.407      5.314      0.000

 INSTRUM  WITH
    EMOTION            0.717      0.141      5.091      0.000

 NURSING  WITH
    EMOTION            0.439      0.113      3.873      0.000
    INSTRUM            0.280      0.074      3.788      0.000

 Means
    EMOTION           -0.262      0.148     -1.770      0.077
    INSTRUM           -0.314      0.079     -3.987      0.000
    NURSING           -0.032      0.057     -0.559      0.576

 Intercepts
    X1                 6.661      0.140     47.683      0.000
    X2                 6.431      0.144     44.666      0.000
    X3                 6.359      0.151     42.199      0.000
    X4                 6.136      0.163     37.653      0.000
    X5                 6.653      0.161     41.236      0.000
    X6                 6.137      0.154     39.726      0.000
    X7                 6.855      0.147     46.671      0.000
    X8                 5.902      0.164     35.967      0.000
    X9                 6.245      0.147     42.515      0.000
    X10                6.103      0.151     40.300      0.000
    X11                6.817      0.109     62.748      0.000
    X12                7.063      0.117     60.234      0.000
    X13                5.143      0.155     33.106      0.000
    X14                7.525      0.133     56.398      0.000
    X15                7.491      0.142     52.713      0.000
    X16                7.617      0.137     55.561      0.000
    X17                7.672      0.140     54.727      0.000
    X18                7.251      0.124     58.570      0.000
    X19                7.008      0.132     53.038      0.000
    X20                7.011      0.116     60.215      0.000
    X21                6.834      0.117     58.482      0.000
    X22                7.973      0.101     79.217      0.000
    X23                8.654      0.083    104.759      0.000
    X24                8.123      0.084     97.093      0.000
    X25                7.946      0.088     90.217      0.000
    X26                8.437      0.086     98.476      0.000
    X27                8.199      0.082    100.096      0.000
    X28                8.190      0.092     89.098      0.000
    X29                8.654      0.091     94.992      0.000
    X30                8.706      0.087     99.772      0.000

 Variances
    EMOTION            2.518      0.390      6.452      0.000
    INSTRUM            0.553      0.159      3.479      0.001
    NURSING            0.402      0.154      2.605      0.009

 Residual Variances
    X1                 4.522      0.424     10.660      0.000
    X2                 3.533      0.345     10.247      0.000
    X3                 2.767      0.281      9.835      0.000
    X4                 2.427      0.259      9.381      0.000
    X5                 1.911      0.217      8.815      0.000
    X6                 4.594      0.437     10.519      0.000
    X7                 2.853      0.287      9.949      0.000
    X8                 4.593      0.442     10.386      0.000
    X9                 3.580      0.344     10.392      0.000
    X10                5.086      0.481     10.571      0.000
    X11                5.591      0.503     11.120      0.000
    X12                5.342      0.482     11.086      0.000
    X13               10.620      0.953     11.142      0.000
    X14                2.088      0.208     10.030      0.000
    X15                1.716      0.179      9.605      0.000
    X16                1.082      0.128      8.443      0.000
    X17                0.568      0.099      5.736      0.000
    X18                5.898      0.532     11.094      0.000
    X19                7.992      0.717     11.154      0.000
    X20                6.140      0.551     11.134      0.000
    X21                5.901      0.530     11.137      0.000
    X22                1.822      0.174     10.471      0.000
    X23                0.851      0.085     10.002      0.000
    X24                3.381      0.306     11.054      0.000
    X25                2.969      0.268     11.095      0.000
    X26                1.494      0.141     10.623      0.000
    X27                2.907      0.263     11.067      0.000
    X28                3.899      0.351     11.116      0.000
    X29                0.233      0.045      5.205      0.000
    X30                0.496      0.059      8.466      0.000


QUALITY OF NUMERICAL RESULTS

     Condition Number for the Information Matrix              0.458E-04
       (ratio of smallest to largest eigenvalue)


     Beginning Time:  22:48:15
        Ending Time:  22:48:15
       Elapsed Time:  00:00:00



MUTHEN & MUTHEN
3463 Stoner Ave.
Los Angeles, CA  90066

Tel: (310) 391-9971
Fax: (310) 391-8971
Web: www.StatModel.com
Support: Support@StatModel.com

Copyright (c) 1998-2021 Muthen & Muthen
