Mplus VERSION 8.6
MUTHEN & MUTHEN
03/08/2024   8:33 PM

INPUT INSTRUCTIONS


  data:     file = PSCS.dat;
  variable: names = e1 e2 e3 e4 e5 e6 e7 e8 e9 e10
                    i1 i2 i3 i4 i5 i6 i7 i8 i9 i10
                    n1 n2 n3 n4 n5 n6 n7 n8 n9 n10 lang;
            usev = e1 e2 e3 e4 e5 e6 e7 e8 e9 e10
                   i1 i2 i3 i4 i5 i6 i7 i8 i9 i10
                   n1 n2 n3 n4 n5 n6 n7 n8 n9 n10;
            missing = .;
  model:    emotion by e1 e2 e3 e4 e5 e6 e7 e8 e9 e10;
            instrum by i1 i2 i3 i4 i5 i6 i7 i8 i9 i10;
            nursing by n1 n2 n3 n4 n5 n6 n7 n8 n9 n10;
  output:   stdyx modindices;




INPUT READING TERMINATED NORMALLY




SUMMARY OF ANALYSIS

Number of groups                                                 1
Number of observations                                         500

Number of dependent variables                                   30
Number of independent variables                                  0
Number of continuous latent variables                            3

Observed dependent variables

  Continuous
   E1          E2          E3          E4          E5          E6
   E7          E8          E9          E10         I1          I2
   I3          I4          I5          I6          I7          I8
   I9          I10         N1          N2          N3          N4
   N5          N6          N7          N8          N9          N10

Continuous latent variables
   EMOTION     INSTRUM     NURSING


Estimator                                                       ML
Information matrix                                        OBSERVED
Maximum number of iterations                                  1000
Convergence criterion                                    0.500D-04
Maximum number of steepest descent iterations                   20
Maximum number of iterations for H1                           2000
Convergence criterion for H1                             0.100D-03

Input data file(s)
  PSCS.dat

Input data format  FREE


SUMMARY OF DATA

     Number of missing data patterns             1


COVARIANCE COVERAGE OF DATA

Minimum covariance coverage value   0.100


     PROPORTION OF DATA PRESENT


           Covariance Coverage
              E1            E2            E3            E4            E5
              ________      ________      ________      ________      ________
 E1             1.000
 E2             1.000         1.000
 E3             1.000         1.000         1.000
 E4             1.000         1.000         1.000         1.000
 E5             1.000         1.000         1.000         1.000         1.000
 E6             1.000         1.000         1.000         1.000         1.000
 E7             1.000         1.000         1.000         1.000         1.000
 E8             1.000         1.000         1.000         1.000         1.000
 E9             1.000         1.000         1.000         1.000         1.000
 E10            1.000         1.000         1.000         1.000         1.000
 I1             1.000         1.000         1.000         1.000         1.000
 I2             1.000         1.000         1.000         1.000         1.000
 I3             1.000         1.000         1.000         1.000         1.000
 I4             1.000         1.000         1.000         1.000         1.000
 I5             1.000         1.000         1.000         1.000         1.000
 I6             1.000         1.000         1.000         1.000         1.000
 I7             1.000         1.000         1.000         1.000         1.000
 I8             1.000         1.000         1.000         1.000         1.000
 I9             1.000         1.000         1.000         1.000         1.000
 I10            1.000         1.000         1.000         1.000         1.000
 N1             1.000         1.000         1.000         1.000         1.000
 N2             1.000         1.000         1.000         1.000         1.000
 N3             1.000         1.000         1.000         1.000         1.000
 N4             1.000         1.000         1.000         1.000         1.000
 N5             1.000         1.000         1.000         1.000         1.000
 N6             1.000         1.000         1.000         1.000         1.000
 N7             1.000         1.000         1.000         1.000         1.000
 N8             1.000         1.000         1.000         1.000         1.000
 N9             1.000         1.000         1.000         1.000         1.000
 N10            1.000         1.000         1.000         1.000         1.000


           Covariance Coverage
              E6            E7            E8            E9            E10
              ________      ________      ________      ________      ________
 E6             1.000
 E7             1.000         1.000
 E8             1.000         1.000         1.000
 E9             1.000         1.000         1.000         1.000
 E10            1.000         1.000         1.000         1.000         1.000
 I1             1.000         1.000         1.000         1.000         1.000
 I2             1.000         1.000         1.000         1.000         1.000
 I3             1.000         1.000         1.000         1.000         1.000
 I4             1.000         1.000         1.000         1.000         1.000
 I5             1.000         1.000         1.000         1.000         1.000
 I6             1.000         1.000         1.000         1.000         1.000
 I7             1.000         1.000         1.000         1.000         1.000
 I8             1.000         1.000         1.000         1.000         1.000
 I9             1.000         1.000         1.000         1.000         1.000
 I10            1.000         1.000         1.000         1.000         1.000
 N1             1.000         1.000         1.000         1.000         1.000
 N2             1.000         1.000         1.000         1.000         1.000
 N3             1.000         1.000         1.000         1.000         1.000
 N4             1.000         1.000         1.000         1.000         1.000
 N5             1.000         1.000         1.000         1.000         1.000
 N6             1.000         1.000         1.000         1.000         1.000
 N7             1.000         1.000         1.000         1.000         1.000
 N8             1.000         1.000         1.000         1.000         1.000
 N9             1.000         1.000         1.000         1.000         1.000
 N10            1.000         1.000         1.000         1.000         1.000


           Covariance Coverage
              I1            I2            I3            I4            I5
              ________      ________      ________      ________      ________
 I1             1.000
 I2             1.000         1.000
 I3             1.000         1.000         1.000
 I4             1.000         1.000         1.000         1.000
 I5             1.000         1.000         1.000         1.000         1.000
 I6             1.000         1.000         1.000         1.000         1.000
 I7             1.000         1.000         1.000         1.000         1.000
 I8             1.000         1.000         1.000         1.000         1.000
 I9             1.000         1.000         1.000         1.000         1.000
 I10            1.000         1.000         1.000         1.000         1.000
 N1             1.000         1.000         1.000         1.000         1.000
 N2             1.000         1.000         1.000         1.000         1.000
 N3             1.000         1.000         1.000         1.000         1.000
 N4             1.000         1.000         1.000         1.000         1.000
 N5             1.000         1.000         1.000         1.000         1.000
 N6             1.000         1.000         1.000         1.000         1.000
 N7             1.000         1.000         1.000         1.000         1.000
 N8             1.000         1.000         1.000         1.000         1.000
 N9             1.000         1.000         1.000         1.000         1.000
 N10            1.000         1.000         1.000         1.000         1.000


           Covariance Coverage
              I6            I7            I8            I9            I10
              ________      ________      ________      ________      ________
 I6             1.000
 I7             1.000         1.000
 I8             1.000         1.000         1.000
 I9             1.000         1.000         1.000         1.000
 I10            1.000         1.000         1.000         1.000         1.000
 N1             1.000         1.000         1.000         1.000         1.000
 N2             1.000         1.000         1.000         1.000         1.000
 N3             1.000         1.000         1.000         1.000         1.000
 N4             1.000         1.000         1.000         1.000         1.000
 N5             1.000         1.000         1.000         1.000         1.000
 N6             1.000         1.000         1.000         1.000         1.000
 N7             1.000         1.000         1.000         1.000         1.000
 N8             1.000         1.000         1.000         1.000         1.000
 N9             1.000         1.000         1.000         1.000         1.000
 N10            1.000         1.000         1.000         1.000         1.000


           Covariance Coverage
              N1            N2            N3            N4            N5
              ________      ________      ________      ________      ________
 N1             1.000
 N2             1.000         1.000
 N3             1.000         1.000         1.000
 N4             1.000         1.000         1.000         1.000
 N5             1.000         1.000         1.000         1.000         1.000
 N6             1.000         1.000         1.000         1.000         1.000
 N7             1.000         1.000         1.000         1.000         1.000
 N8             1.000         1.000         1.000         1.000         1.000
 N9             1.000         1.000         1.000         1.000         1.000
 N10            1.000         1.000         1.000         1.000         1.000


           Covariance Coverage
              N6            N7            N8            N9            N10
              ________      ________      ________      ________      ________
 N6             1.000
 N7             1.000         1.000
 N8             1.000         1.000         1.000
 N9             1.000         1.000         1.000         1.000
 N10            1.000         1.000         1.000         1.000         1.000



UNIVARIATE SAMPLE STATISTICS


     UNIVARIATE HIGHER-ORDER MOMENT DESCRIPTIVE STATISTICS

         Variable/         Mean/     Skewness/   Minimum/ % with                Percentiles
        Sample Size      Variance    Kurtosis    Maximum  Min/Max      20%/60%    40%/80%    Median

     E1                    7.534      -0.498       1.000    2.20%       5.000      7.000      8.000
             500.000       6.965      -0.511      11.000   16.80%       8.000     10.000
     E2                    7.250      -0.265       1.000    2.20%       5.000      6.000      7.000
             500.000       6.651      -0.690      11.000   13.80%       8.000     10.000
     E3                    7.180      -0.330       1.000    1.60%       5.000      7.000      7.000
             500.000       6.852      -0.690      11.000   12.20%       8.000     10.000
     E4                    6.950      -0.248       1.000    3.40%       4.000      6.000      7.000
             500.000       7.615      -0.788      11.000   13.00%       8.000     10.000
     E5                    7.446      -0.467       1.000    3.00%       5.000      7.000      7.000
             500.000       7.323      -0.474      11.000   18.80%       8.000     10.000
     E6                    6.976      -0.253       1.000    4.00%       5.000      6.000      7.000
             500.000       8.031      -0.773      11.000   16.20%       8.000     10.000
     E7                    7.686      -0.376       1.000    1.00%       5.000      7.000      8.000
             500.000       6.655      -0.726      11.000   20.40%       9.000     11.000
     E8                    6.746      -0.249       1.000    6.40%       4.000      6.000      7.000
             500.000       9.029      -0.933      11.000   15.00%       8.000     10.000
     E9                    7.090      -0.272       1.000    2.40%       5.000      6.000      7.000
             500.000       7.178      -0.771      11.000   13.00%       8.000     10.000
     E10                   6.960      -0.374       1.000    6.00%       4.000      6.000      7.000
             500.000       8.186      -0.715      11.000   12.80%       8.000     10.000
     I1                    7.668      -0.289       1.000    0.20%       6.000      7.000      8.000
             500.000       5.382      -0.578      11.000   16.00%       8.000     10.000
     I2                    7.882      -0.480       1.000    0.80%       6.000      7.000      8.000
             500.000       6.008      -0.528      11.000   19.20%       9.000     10.000
     I3                    5.996       0.017       1.000   13.20%       2.000      5.000      6.000
             500.000      11.112      -1.212      11.000   14.20%       7.000     10.000
     I4                    8.116      -0.602       1.000    1.00%       6.000      8.000      8.000
             500.000       5.727      -0.230      11.000   22.60%       9.000     11.000
     I5                    8.038      -0.470       1.000    0.60%       6.000      8.000      8.000
             500.000       6.221      -0.761      11.000   23.80%       9.000     11.000
     I6                    7.160      -0.471       1.000    1.00%       5.000      7.000      7.000
             500.000       5.538      -0.660      10.000   24.00%       8.000     10.000
     I7                    8.194      -0.551       1.000    0.60%       6.000      8.000      8.000
             500.000       5.592      -0.413      11.000   24.60%       9.000     11.000
     I8                    8.076      -0.643       1.000    1.20%       6.000      8.000      8.000
             500.000       6.806      -0.407      11.000   26.60%       9.000     11.000
     I9                    7.908      -0.629       1.000    3.20%       5.000      7.000      8.000
             500.000       8.168      -0.557      11.000   29.40%       9.000     11.000
     I10                   7.866      -0.543       1.000    0.80%       6.000      7.000      8.000
             500.000       6.188      -0.477      11.000   18.40%       9.000     10.000
     N1                    7.820      -0.446       1.000    1.20%       5.000      7.000      8.000
             500.000       6.488      -0.628      11.000   20.80%       9.000     11.000
     N2                    7.940      -0.626       1.000    0.20%       6.000      8.000      8.000
             500.000       3.504      -0.323      10.000   30.40%       9.000     10.000
     N3                    5.622      -0.918       1.000    0.80%       4.000      6.000      6.000
             500.000       2.179      -0.003       7.000   39.00%       6.000      7.000
     N4                    7.104      -0.691       1.000    0.20%       5.000      7.000      7.000
             500.000       3.301      -0.355       9.000   33.00%       8.000      9.000
     N5                    6.930      -0.672       1.000    0.80%       5.000      7.000      7.000
             500.000       3.533      -0.206       9.000   28.80%       8.000      9.000
     N6                    7.410      -0.883       1.000    0.20%       6.000      7.000      8.000
             500.000       2.606       0.223       9.000   36.00%       8.000      9.000
     N7                    7.176      -0.895       1.000    0.20%       6.000      7.000      7.000
             500.000       3.049       0.267       9.000   30.00%       8.000      9.000
     N8                    8.170      -0.982       1.000    0.20%       6.000      8.000      9.000
             500.000       3.945       0.170      10.000   37.60%       9.000     10.000
     N9                    6.614      -1.048       1.000    0.40%       5.000      7.000      7.000
             500.000       2.289       0.554       8.000   39.20%       7.000      8.000
     N10                   6.672      -1.038       1.000    0.20%       5.000      7.000      7.000
             500.000       2.228       0.384       8.000   41.40%       8.000      8.000


     THIS ANALYSIS MAY HAVE MULTIPLE SOLUTIONS.  EXPLORE THIS USING RANDOM STARTS,
     FOR EXAMPLE, STARTS = 20.  USE A LARGE ENOUGH NUMBER OF STARTS SO THAT THE
     BEST FIT FUNCTION VALUE IS REPLICATED SEVERAL TIMES.


THE MODEL ESTIMATION TERMINATED NORMALLY



MODEL FIT INFORMATION

Number of Free Parameters                       93

Loglikelihood

          H0 Value                      -30445.139
          H1 Value                      -30198.479

Information Criteria

          Akaike (AIC)                   61076.278
          Bayesian (BIC)                 61468.237
          Sample-Size Adjusted BIC       61173.049
            (n* = (n + 2) / 24)

Chi-Square Test of Model Fit

          Value                            493.319
          Degrees of Freedom                   402
          P-Value                           0.0012

RMSEA (Root Mean Square Error Of Approximation)

          Estimate                           0.021
          90 Percent C.I.                    0.014  0.027
          Probability RMSEA <= .05           1.000

CFI/TLI

          CFI                                0.987
          TLI                                0.986

Chi-Square Test of Model Fit for the Baseline Model

          Value                           7270.599
          Degrees of Freedom                   435
          P-Value                           0.0000

SRMR (Standardized Root Mean Square Residual)

          Value                              0.044



MODEL RESULTS

                                                    Two-Tailed
                    Estimate       S.E.  Est./S.E.    P-Value

 EMOTION  BY
    E1                 1.000      0.000    999.000    999.000
    E2                 1.176      0.090     13.098      0.000
    E3                 1.301      0.093     13.926      0.000
    E4                 1.459      0.101     14.497      0.000
    E5                 1.442      0.099     14.535      0.000
    E6                 1.213      0.097     12.504      0.000
    E7                 1.257      0.091     13.748      0.000
    E8                 1.269      0.102     12.398      0.000
    E9                 1.155      0.092     12.592      0.000
    E10                1.097      0.096     11.468      0.000

 INSTRUM  BY
    I1                 1.000      0.000    999.000    999.000
    I2                 1.167      0.218      5.362      0.000
    I3                 0.944      0.245      3.863      0.000
    I4                 2.688      0.384      7.003      0.000
    I5                 2.934      0.417      7.043      0.000
    I6                 2.936      0.413      7.110      0.000
    I7                 3.093      0.433      7.141      0.000
    I8                 1.138      0.222      5.121      0.000
    I9                 0.650      0.200      3.253      0.001
    I10                0.908      0.197      4.614      0.000

 NURSING  BY
    N1                 1.000      0.000    999.000    999.000
    N2                 2.145      0.412      5.200      0.000
    N3                 1.898      0.361      5.252      0.000
    N4                 0.744      0.192      3.880      0.000
    N5                 1.023      0.233      4.388      0.000
    N6                 1.779      0.344      5.167      0.000
    N7                 0.941      0.215      4.375      0.000
    N8                 0.895      0.221      4.058      0.000
    N9                 2.329      0.437      5.332      0.000
    N10                2.161      0.407      5.306      0.000

 INSTRUM  WITH
    EMOTION            0.666      0.119      5.607      0.000

 NURSING  WITH
    EMOTION            0.478      0.107      4.473      0.000
    INSTRUM            0.277      0.069      4.022      0.000

 Intercepts
    E1                 7.534      0.118     63.834      0.000
    E2                 7.250      0.115     62.858      0.000
    E3                 7.180      0.117     61.336      0.000
    E4                 6.950      0.123     56.315      0.000
    E5                 7.446      0.121     61.526      0.000
    E6                 6.976      0.127     55.042      0.000
    E7                 7.686      0.115     66.619      0.000
    E8                 6.746      0.134     50.200      0.000
    E9                 7.090      0.120     59.174      0.000
    E10                6.960      0.128     54.394      0.000
    I1                 7.668      0.104     73.910      0.000
    I2                 7.882      0.110     71.904      0.000
    I3                 5.996      0.149     40.221      0.000
    I4                 8.116      0.107     75.837      0.000
    I5                 8.038      0.112     72.064      0.000
    I6                 7.160      0.105     68.031      0.000
    I7                 8.194      0.106     77.479      0.000
    I8                 8.076      0.117     69.219      0.000
    I9                 7.908      0.128     61.874      0.000
    I10                7.866      0.111     70.707      0.000
    N1                 7.820      0.114     68.651      0.000
    N2                 7.940      0.084     94.842      0.000
    N3                 5.622      0.066     85.160      0.000
    N4                 7.104      0.081     87.429      0.000
    N5                 6.930      0.084     82.440      0.000
    N6                 7.410      0.072    102.642      0.000
    N7                 7.176      0.078     91.894      0.000
    N8                 8.170      0.089     91.977      0.000
    N9                 6.614      0.068     97.752      0.000
    N10                6.672      0.067     99.941      0.000

 Variances
    EMOTION            2.515      0.349      7.198      0.000
    INSTRUM            0.528      0.151      3.506      0.000
    NURSING            0.373      0.141      2.641      0.008

 Residual Variances
    E1                 4.450      0.294     15.135      0.000
    E2                 3.174      0.219     14.492      0.000
    E3                 2.596      0.188     13.827      0.000
    E4                 2.259      0.174     12.960      0.000
    E5                 2.096      0.164     12.807      0.000
    E6                 4.330      0.293     14.785      0.000
    E7                 2.681      0.191     14.024      0.000
    E8                 4.977      0.335     14.840      0.000
    E9                 3.820      0.259     14.753      0.000
    E10                5.162      0.342     15.111      0.000
    I1                 4.854      0.309     15.724      0.000
    I2                 5.290      0.337     15.702      0.000
    I3                10.641      0.675     15.776      0.000
    I4                 1.913      0.135     14.188      0.000
    I5                 1.677      0.124     13.550      0.000
    I6                 0.988      0.085     11.641      0.000
    I7                 0.544      0.068      8.019      0.000
    I8                 6.123      0.389     15.722      0.000
    I9                 7.945      0.503     15.789      0.000
    I10                5.753      0.365     15.751      0.000
    N1                 6.114      0.388     15.750      0.000
    N2                 1.786      0.121     14.774      0.000
    N3                 0.833      0.059     14.158      0.000
    N4                 3.094      0.197     15.742      0.000
    N5                 3.142      0.200     15.686      0.000
    N6                 1.424      0.095     14.931      0.000
    N7                 2.718      0.173     15.685      0.000
    N8                 3.646      0.232     15.728      0.000
    N9                 0.264      0.034      7.816      0.000
    N10                0.485      0.041     11.868      0.000


QUALITY OF NUMERICAL RESULTS

     Condition Number for the Information Matrix              0.813E-04
       (ratio of smallest to largest eigenvalue)


STANDARDIZED MODEL RESULTS


STDYX Standardization

                                                    Two-Tailed
                    Estimate       S.E.  Est./S.E.    P-Value

 EMOTION  BY
    E1                 0.601      0.030     19.815      0.000
    E2                 0.723      0.023     31.168      0.000
    E3                 0.788      0.019     41.641      0.000
    E4                 0.839      0.015     54.453      0.000
    E5                 0.845      0.015     56.453      0.000
    E6                 0.679      0.026     26.192      0.000
    E7                 0.773      0.020     38.730      0.000
    E8                 0.670      0.026     25.332      0.000
    E9                 0.684      0.026     26.690      0.000
    E10                0.608      0.030     20.289      0.000

 INSTRUM  BY
    I1                 0.313      0.041      7.553      0.000
    I2                 0.346      0.041      8.536      0.000
    I3                 0.206      0.044      4.682      0.000
    I4                 0.816      0.016     50.244      0.000
    I5                 0.855      0.013     63.458      0.000
    I6                 0.906      0.010     92.342      0.000
    I7                 0.950      0.007    135.401      0.000
    I8                 0.317      0.041      7.660      0.000
    I9                 0.165      0.045      3.701      0.000
    I10                0.265      0.043      6.214      0.000

 NURSING  BY
    N1                 0.240      0.044      5.508      0.000
    N2                 0.700      0.024     28.667      0.000
    N3                 0.786      0.019     41.951      0.000
    N4                 0.250      0.043      5.773      0.000
    N5                 0.333      0.041      8.076      0.000
    N6                 0.673      0.026     25.874      0.000
    N7                 0.329      0.041      7.970      0.000
    N8                 0.276      0.043      6.445      0.000
    N9                 0.941      0.009    110.018      0.000
    N10                0.885      0.012     74.328      0.000

 INSTRUM  WITH
    EMOTION            0.578      0.033     17.623      0.000

 NURSING  WITH
    EMOTION            0.493      0.037     13.263      0.000
    INSTRUM            0.624      0.030     20.686      0.000

 Intercepts
    E1                 2.855      0.101     28.336      0.000
    E2                 2.811      0.100     28.249      0.000
    E3                 2.743      0.098     28.107      0.000
    E4                 2.518      0.091     27.573      0.000
    E5                 2.752      0.098     28.125      0.000
    E6                 2.462      0.090     27.420      0.000
    E7                 2.979      0.104     28.568      0.000
    E8                 2.245      0.084     26.756      0.000
    E9                 2.646      0.095     27.890      0.000
    E10                2.433      0.089     27.338      0.000
    I1                 3.305      0.114     29.074      0.000
    I2                 3.216      0.111     28.947      0.000
    I3                 1.799      0.072     24.859      0.000
    I4                 3.392      0.116     29.187      0.000
    I5                 3.223      0.111     28.958      0.000
    I6                 3.042      0.106     28.676      0.000
    I7                 3.465      0.118     29.278      0.000
    I8                 3.096      0.108     28.763      0.000
    I9                 2.767      0.098     28.158      0.000
    I10                3.162      0.110     28.867      0.000
    N1                 3.070      0.107     28.722      0.000
    N2                 4.241      0.141     29.999      0.000
    N3                 3.808      0.128     29.645      0.000
    N4                 3.910      0.131     29.737      0.000
    N5                 3.687      0.125     29.525      0.000
    N6                 4.590      0.152     30.221      0.000
    N7                 4.110      0.137     29.902      0.000
    N8                 4.113      0.138     29.905      0.000
    N9                 4.372      0.145     30.088      0.000
    N10                4.469      0.148     30.150      0.000

 Variances
    EMOTION            1.000      0.000    999.000    999.000
    INSTRUM            1.000      0.000    999.000    999.000
    NURSING            1.000      0.000    999.000    999.000

 Residual Variances
    E1                 0.639      0.036     17.530      0.000
    E2                 0.477      0.034     14.222      0.000
    E3                 0.379      0.030     12.701      0.000
    E4                 0.297      0.026     11.486      0.000
    E5                 0.286      0.025     11.317      0.000
    E6                 0.539      0.035     15.317      0.000
    E7                 0.403      0.031     13.061      0.000
    E8                 0.551      0.035     15.559      0.000
    E9                 0.532      0.035     15.185      0.000
    E10                0.631      0.036     17.316      0.000
    I1                 0.902      0.026     34.733      0.000
    I2                 0.880      0.028     31.432      0.000
    I3                 0.958      0.018     52.921      0.000
    I4                 0.334      0.027     12.604      0.000
    I5                 0.270      0.023     11.712      0.000
    I6                 0.178      0.018     10.024      0.000
    I7                 0.097      0.013      7.298      0.000
    I8                 0.900      0.026     34.337      0.000
    I9                 0.973      0.015     65.979      0.000
    I10                0.930      0.023     41.038      0.000
    N1                 0.942      0.021     45.087      0.000
    N2                 0.510      0.034     14.901      0.000
    N3                 0.382      0.029     12.986      0.000
    N4                 0.937      0.022     43.175      0.000
    N5                 0.889      0.027     32.451      0.000
    N6                 0.547      0.035     15.592      0.000
    N7                 0.892      0.027     32.750      0.000
    N8                 0.924      0.024     39.230      0.000
    N9                 0.115      0.016      7.171      0.000
    N10                0.218      0.021     10.337      0.000


R-SQUARE

    Observed                                        Two-Tailed
    Variable        Estimate       S.E.  Est./S.E.    P-Value

    E1                 0.361      0.036      9.908      0.000
    E2                 0.523      0.034     15.584      0.000
    E3                 0.621      0.030     20.821      0.000
    E4                 0.703      0.026     27.227      0.000
    E5                 0.714      0.025     28.226      0.000
    E6                 0.461      0.035     13.096      0.000
    E7                 0.597      0.031     19.365      0.000
    E8                 0.449      0.035     12.666      0.000
    E9                 0.468      0.035     13.345      0.000
    E10                0.369      0.036     10.145      0.000
    I1                 0.098      0.026      3.776      0.000
    I2                 0.120      0.028      4.268      0.000
    I3                 0.042      0.018      2.341      0.019
    I4                 0.666      0.027     25.122      0.000
    I5                 0.730      0.023     31.729      0.000
    I6                 0.822      0.018     46.171      0.000
    I7                 0.903      0.013     67.700      0.000
    I8                 0.100      0.026      3.830      0.000
    I9                 0.027      0.015      1.851      0.064
    I10                0.070      0.023      3.107      0.002
    N1                 0.058      0.021      2.754      0.006
    N2                 0.490      0.034     14.334      0.000
    N3                 0.618      0.029     20.975      0.000
    N4                 0.063      0.022      2.886      0.004
    N5                 0.111      0.027      4.038      0.000
    N6                 0.453      0.035     12.937      0.000
    N7                 0.108      0.027      3.985      0.000
    N8                 0.076      0.024      3.222      0.001
    N9                 0.885      0.016     55.009      0.000
    N10                0.782      0.021     37.164      0.000


MODEL MODIFICATION INDICES

NOTE:  Modification indices for direct effects of observed dependent variables
regressed on covariates may not be included.  To include these, request
MODINDICES (ALL).

Minimum M.I. value for printing the modification index    10.000

                                   M.I.     E.P.C.  Std E.P.C.  StdYX E.P.C.

BY Statements

EMOTION  BY N8                    13.002     0.237      0.376        0.189
INSTRUM  BY N7                    10.909     0.458      0.332        0.190
INSTRUM  BY N8                    15.921     0.639      0.464        0.234
NURSING  BY I9                    10.684     0.923      0.564        0.197

WITH Statements

I1       WITH E10                 10.131     0.729      0.729        0.146


     Beginning Time:  20:33:32
        Ending Time:  20:33:32
       Elapsed Time:  00:00:00



MUTHEN & MUTHEN
3463 Stoner Ave.
Los Angeles, CA  90066

Tel: (310) 391-9971
Fax: (310) 391-8971
Web: www.StatModel.com
Support: Support@StatModel.com

Copyright (c) 1998-2021 Muthen & Muthen
