Mplus VERSION 8.6
MUTHEN & MUTHEN
03/08/2024  10:48 PM

INPUT INSTRUCTIONS


  DATA:       file = "PSCS_MI.dat";
  VARIABLE:   names = x1 x2 x3 x4 x5 x6 x7 x8 x9 x10
                     x11 x12 x13 x14 x15 x16 x17 x18 x19 x20
                     x21 x22 x23 x24 x25 x26 x27 x28 x29 x30 lang;
              grouping is lang (1=Spanish 2=English);
  MODEL:      emotion by x1 x2 x3 x4 x5 x6 x7 x8 x9 x10;
              instrum by x11 x12 x13 x14 x15 x16 x17 x18 x19 x20;
              nursing by x21 x22 x23 x24 x25 x26 x27 x28 x29 x30;
              x1-x30;
              emotion; instrum; nursing;
              [x1-x30] (1-30);
              [x2 x5];
              [emotion instrum nursing];
  MODEL English:
              x1-x30;
              [x1-x30] (1-30);
              [x2 x5]
              [emotion instrum nursing];




INPUT READING TERMINATED NORMALLY




SUMMARY OF ANALYSIS

Number of groups                                                 2
Number of observations
   Group SPANISH                                               250
   Group ENGLISH                                               250
   Total sample size                                           500

Number of dependent variables                                   30
Number of independent variables                                  0
Number of continuous latent variables                            3

Observed dependent variables

  Continuous
   X1          X2          X3          X4          X5          X6
   X7          X8          X9          X10         X11         X12
   X13         X14         X15         X16         X17         X18
   X19         X20         X21         X22         X23         X24
   X25         X26         X27         X28         X29         X30

Continuous latent variables
   EMOTION     INSTRUM     NURSING

Variables with special functions

  Grouping variable     LANG

Estimator                                                       ML
Information matrix                                        OBSERVED
Maximum number of iterations                                  1000
Convergence criterion                                    0.500D-04
Maximum number of steepest descent iterations                   20

Input data file(s)
  PSCS_MI.dat

Input data format  FREE



UNIVARIATE SAMPLE STATISTICS


     UNIVARIATE HIGHER-ORDER MOMENT DESCRIPTIVE STATISTICS FOR SPANISH

         Variable/         Mean/     Skewness/   Minimum/ % with                Percentiles
        Sample Size      Variance    Kurtosis    Maximum  Min/Max      20%/60%    40%/80%    Median

     X1                    7.440      -0.536       1.000    2.80%       5.000      7.000      8.000
             250.000       7.406      -0.526      11.000   15.60%       8.000     10.000
     X2                    7.648      -0.404       1.000    1.20%       6.000      7.000      8.000
             250.000       6.044      -0.512      11.000   16.00%       8.000     10.000
     X3                    7.500      -0.465       1.000    0.80%       5.000      7.000      8.000
             250.000       6.482      -0.555      11.000   13.60%       9.000     10.000
     X4                    7.076      -0.329       1.000    3.20%       4.000      6.000      7.000
             250.000       7.782      -0.785      11.000   13.60%       8.000     10.000
     X5                    7.424      -0.492       1.000    3.60%       5.000      7.000      8.000
             250.000       7.684      -0.523      11.000   19.20%       8.000     10.000
     X6                    7.172      -0.333       1.000    4.00%       5.000      6.000      7.000
             250.000       7.782      -0.636      11.000   17.60%       8.000     10.000
     X7                    7.924      -0.375       1.000    0.80%       6.000      7.000      8.000
             250.000       6.038      -0.664      11.000   23.60%       9.000     11.000
     X8                    7.044      -0.361       1.000    5.20%       4.000      6.000      7.000
             250.000       8.978      -0.899      11.000   17.60%       8.000     10.000
     X9                    7.172      -0.290       1.000    2.80%       5.000      6.000      7.000
             250.000       7.398      -0.834      11.000   14.00%       8.000     10.000
     X10                   7.172      -0.405       1.000    5.20%       5.000      6.000      7.000
             250.000       7.478      -0.531      11.000   14.00%       8.000     10.000
     X11                   7.772      -0.341       2.000    0.80%       6.000      7.000      8.000
             250.000       4.704      -0.518      11.000   12.80%       8.000     10.000
     X12                   8.108      -0.451       2.000    0.40%       6.000      8.000      8.000
             250.000       6.136      -0.887      11.000   25.20%       9.000     11.000
     X13                   6.292      -0.079       1.000   11.60%       3.000      5.000      6.000
             250.000      10.999      -1.186      11.000   16.40%       7.000     10.000
     X14                   8.480      -0.668       1.000    0.40%       7.000      8.000      9.000
             250.000       4.826      -0.078      11.000   26.00%       9.000     11.000
     X15                   8.492      -0.675       1.000    0.40%       6.000      8.000      9.000
             250.000       5.634      -0.554      11.000   29.60%      10.000     11.000
     X16                   7.632      -0.701       1.000    1.20%       5.000      7.000      8.000
             250.000       5.193      -0.391      10.000   32.00%       9.000     10.000
     X17                   8.672      -0.740       1.000    0.40%       7.000      8.000      9.000
             250.000       4.948      -0.173      11.000   31.60%      10.000     11.000
     X18                   8.228      -0.774       1.000    2.00%       6.000      8.000      9.000
             250.000       7.288      -0.286      11.000   30.40%      10.000     11.000
     X19                   7.952      -0.685       1.000    3.20%       5.000      8.000      8.000
             250.000       8.230      -0.504      11.000   29.60%       9.000     11.000
     X20                   8.076      -0.641       1.000    0.40%       6.000      8.000      8.000
             250.000       5.766      -0.312      11.000   18.40%       9.000     10.000
     X21                   7.876      -0.449       1.000    0.80%       5.000      7.000      8.000
             250.000       6.701      -0.764      11.000   21.60%       9.000     11.000
     X22                   7.944      -0.651       2.000    0.40%       6.000      8.000      8.000
             250.000       3.381      -0.261      10.000   28.40%       9.000     10.000
     X23                   5.736      -0.972       1.000    0.40%       5.000      6.000      6.000
             250.000       1.938       0.145       7.000   41.20%       7.000      7.000
     X24                   7.232      -0.583       2.000    0.40%       6.000      7.000      8.000
             250.000       2.898      -0.722       9.000   34.80%       8.000      9.000
     X25                   6.944      -0.758       1.000    1.20%       5.000      7.000      7.000
             250.000       3.717       0.011       9.000   30.40%       8.000      9.000
     X26                   7.408      -0.762       3.000    1.60%       6.000      7.000      8.000
             250.000       2.410      -0.141       9.000   34.80%       8.000      9.000
     X27                   7.304      -0.951       2.000    1.20%       6.000      7.000      8.000
             250.000       2.772       0.397       9.000   31.20%       8.000      9.000
     X28                   8.272      -1.065       2.000    0.40%       7.000      8.000      9.000
             250.000       3.726       0.275      10.000   38.40%       9.000     10.000
     X29                   6.624      -0.980       2.000    1.20%       5.000      7.000      7.000
             250.000       2.235       0.201       8.000   39.20%       7.000      8.000
     X30                   6.712      -0.979       2.000    0.80%       5.000      7.000      7.000
             250.000       2.021       0.222       8.000   41.20%       8.000      8.000


     UNIVARIATE HIGHER-ORDER MOMENT DESCRIPTIVE STATISTICS FOR ENGLISH

         Variable/         Mean/     Skewness/   Minimum/ % with                Percentiles
        Sample Size      Variance    Kurtosis    Maximum  Min/Max      20%/60%    40%/80%    Median

     X1                    7.628      -0.437       1.000    1.60%       5.000      7.000      8.000
             250.000       6.506      -0.550      11.000   18.00%       9.000     10.000
     X2                    6.852      -0.110       1.000    3.20%       4.000      6.000      7.000
             250.000       6.942      -0.770      11.000   11.60%       8.000      9.000
     X3                    6.860      -0.196       1.000    2.40%       4.000      6.000      7.000
             250.000       7.016      -0.746      11.000   10.80%       8.000      9.000
     X4                    6.824      -0.169       1.000    3.60%       4.000      6.000      7.000
             250.000       7.417      -0.768      11.000   12.40%       8.000     10.000
     X5                    7.468      -0.435       1.000    2.40%       5.000      7.000      7.000
             250.000       6.961      -0.432      11.000   18.40%       8.000     10.000
     X6                    6.780      -0.173       1.000    4.00%       4.000      6.000      7.000
             250.000       8.204      -0.876      11.000   14.80%       8.000     10.000
     X7                    7.448      -0.342       1.000    1.20%       5.000      7.000      8.000
             250.000       7.159      -0.838      11.000   17.20%       8.000     10.000
     X8                    6.448      -0.145       1.000    7.60%       4.000      6.000      7.000
             250.000       8.903      -0.915      11.000   12.40%       7.000      9.000
     X9                    7.008      -0.259       1.000    2.00%       4.000      6.000      7.000
             250.000       6.944      -0.700      11.000   12.00%       8.000     10.000
     X10                   6.748      -0.321       1.000    6.80%       4.000      6.000      7.000
             250.000       8.804      -0.888      11.000   11.60%       8.000     10.000
     X11                   7.564      -0.224       1.000    0.40%       6.000      7.000      7.500
             250.000       6.038      -0.675      11.000   19.20%       8.000     10.000
     X12                   7.656      -0.543       1.000    1.60%       6.000      7.000      8.000
             250.000       5.778      -0.166      11.000   13.20%       9.000     10.000
     X13                   5.700       0.114       1.000   14.80%       2.000      5.000      6.000
             250.000      11.050      -1.208      11.000   12.00%       7.000      9.000
     X14                   7.752      -0.482       1.000    1.60%       6.000      7.000      8.000
             250.000       6.362      -0.438      11.000   19.20%       9.000     10.000
     X15                   7.584      -0.280       1.000    0.80%       5.000      7.000      8.000
             250.000       6.395      -0.829      11.000   18.00%       8.000     10.000
     X16                   6.688      -0.287       1.000    0.80%       5.000      6.000      7.000
             250.000       5.439      -0.711      10.000   16.00%       7.000      9.000
     X17                   7.716      -0.378       1.000    0.80%       6.000      7.000      8.000
             250.000       5.779      -0.505      11.000   17.60%       8.000     10.000
     X18                   7.924      -0.512       1.000    0.40%       6.000      7.000      8.000
             250.000       6.278      -0.499      11.000   22.80%       9.000     11.000
     X19                   7.864      -0.573       1.000    3.20%       5.000      7.000      8.000
             250.000       8.102      -0.604      11.000   29.20%       9.000     11.000
     X20                   7.656      -0.443       1.000    1.20%       5.000      7.000      8.000
             250.000       6.522      -0.606      11.000   18.40%       9.000     10.000
     X21                   7.764      -0.449       1.000    1.60%       5.000      7.000      8.000
             250.000       6.268      -0.475      11.000   20.00%       9.000     10.000
     X22                   7.936      -0.603       1.000    0.40%       6.000      8.000      8.000
             250.000       3.628      -0.383      10.000   32.40%       9.000     10.000
     X23                   5.508      -0.844       1.000    1.20%       4.000      5.000      6.000
             250.000       2.394      -0.194       7.000   36.80%       6.000      7.000
     X24                   6.976      -0.727       1.000    0.40%       5.000      7.000      7.000
             250.000       3.671      -0.276       9.000   31.20%       8.000      9.000
     X25                   6.916      -0.573       1.000    0.40%       5.000      6.000      7.000
             250.000       3.349      -0.482       9.000   27.20%       8.000      9.000
     X26                   7.412      -0.978       1.000    0.40%       6.000      7.000      8.000
             250.000       2.802       0.462       9.000   37.20%       8.000      9.000
     X27                   7.048      -0.826       1.000    0.40%       6.000      7.000      7.000
             250.000       3.294       0.113       9.000   28.80%       8.000      9.000
     X28                   8.068      -0.900       1.000    0.40%       6.000      8.000      9.000
             250.000       4.143       0.073      10.000   36.80%       9.000     10.000
     X29                   6.604      -1.110       1.000    0.80%       5.000      6.000      7.000
             250.000       2.343       0.866       8.000   39.20%       7.000      8.000
     X30                   6.632      -1.065       1.000    0.40%       5.000      7.000      7.000
             250.000       2.433       0.415       8.000   41.60%       8.000      8.000


     THIS ANALYSIS MAY HAVE MULTIPLE SOLUTIONS.  EXPLORE THIS USING RANDOM STARTS,
     FOR EXAMPLE, STARTS = 20.  USE A LARGE ENOUGH NUMBER OF STARTS SO THAT THE
     BEST FIT FUNCTION VALUE IS REPLICATED SEVERAL TIMES.


THE MODEL ESTIMATION TERMINATED NORMALLY



MODEL FIT INFORMATION

Number of Free Parameters                      134

Loglikelihood

          H0 Value                      -30400.311
          H1 Value                      -29864.041

Information Criteria

          Akaike (AIC)                   61068.622
          Bayesian (BIC)                 61633.379
          Sample-Size Adjusted BIC       61208.055
            (n* = (n + 2) / 24)

Chi-Square Test of Model Fit

          Value                           1072.540
          Degrees of Freedom                   856
          P-Value                           0.0000

Chi-Square Contribution From Each Group

          SPANISH                          553.346
          ENGLISH                          519.194

RMSEA (Root Mean Square Error Of Approximation)

          Estimate                           0.032
          90 Percent C.I.                    0.025  0.038
          Probability RMSEA <= .05           1.000

CFI/TLI

          CFI                                0.969
          TLI                                0.968

Chi-Square Test of Model Fit for the Baseline Model

          Value                           7773.665
          Degrees of Freedom                   870
          P-Value                           0.0000

SRMR (Standardized Root Mean Square Residual)

          Value                              0.061



MODEL RESULTS

                                                    Two-Tailed
                    Estimate       S.E.  Est./S.E.    P-Value

Group SPANISH

 EMOTION  BY
    X1                 1.000      0.000    999.000    999.000
    X2                 1.163      0.089     13.008      0.000
    X3                 1.300      0.094     13.820      0.000
    X4                 1.463      0.102     14.351      0.000
    X5                 1.457      0.101     14.467      0.000
    X6                 1.215      0.098     12.441      0.000
    X7                 1.254      0.092     13.625      0.000
    X8                 1.275      0.103     12.349      0.000
    X9                 1.156      0.092     12.530      0.000
    X10                1.102      0.097     11.392      0.000

 INSTRUM  BY
    X11                1.000      0.000    999.000    999.000
    X12                1.149      0.212      5.410      0.000
    X13                0.937      0.240      3.909      0.000
    X14                2.633      0.369      7.137      0.000
    X15                2.888      0.402      7.184      0.000
    X16                2.899      0.400      7.256      0.000
    X17                3.043      0.418      7.287      0.000
    X18                1.108      0.216      5.134      0.000
    X19                0.637      0.196      3.247      0.001
    X20                0.897      0.193      4.658      0.000

 NURSING  BY
    X21                1.000      0.000    999.000    999.000
    X22                2.144      0.411      5.212      0.000
    X23                1.895      0.360      5.264      0.000
    X24                0.726      0.190      3.823      0.000
    X25                1.019      0.232      4.394      0.000
    X26                1.778      0.343      5.180      0.000
    X27                0.936      0.214      4.372      0.000
    X28                0.904      0.222      4.078      0.000
    X29                2.324      0.435      5.347      0.000
    X30                2.161      0.406      5.319      0.000

 INSTRUM  WITH
    EMOTION            0.593      0.122      4.879      0.000

 NURSING  WITH
    EMOTION            0.514      0.123      4.179      0.000
    INSTRUM            0.277      0.072      3.861      0.000

 Means
    EMOTION            0.000      0.000    999.000    999.000
    INSTRUM            0.000      0.000    999.000    999.000
    NURSING            0.000      0.000    999.000    999.000

 Intercepts
    X1                 7.676      0.140     54.742      0.000
    X2                 7.648      0.157     48.854      0.000
    X3                 7.378      0.151     48.751      0.000
    X4                 7.157      0.164     43.712      0.000
    X5                 7.424      0.173     43.000      0.000
    X6                 7.154      0.155     46.134      0.000
    X7                 7.872      0.148     53.371      0.000
    X8                 6.923      0.165     41.973      0.000
    X9                 7.264      0.148     49.195      0.000
    X10                7.120      0.152     46.822      0.000
    X11                7.817      0.109     71.953      0.000
    X12                8.063      0.117     68.762      0.000
    X13                6.143      0.155     39.543      0.000
    X14                8.525      0.133     63.893      0.000
    X15                8.491      0.142     59.750      0.000
    X16                7.617      0.137     55.561      0.000
    X17                8.672      0.140     61.861      0.000
    X18                8.251      0.124     66.648      0.000
    X19                8.008      0.132     60.607      0.000
    X20                8.011      0.116     68.804      0.000
    X21                7.834      0.117     67.039      0.000
    X22                7.973      0.101     79.216      0.000
    X23                5.653      0.083     68.440      0.000
    X24                7.124      0.083     85.425      0.000
    X25                6.946      0.088     78.863      0.000
    X26                7.437      0.086     86.804      0.000
    X27                7.199      0.082     87.888      0.000
    X28                8.190      0.092     89.097      0.000
    X29                6.654      0.091     73.041      0.000
    X30                6.706      0.087     76.852      0.000

 Variances
    EMOTION            2.479      0.388      6.393      0.000
    INSTRUM            0.487      0.140      3.477      0.001
    NURSING            0.344      0.132      2.605      0.009

 Residual Variances
    X1                 4.390      0.416     10.558      0.000
    X2                 2.776      0.272     10.212      0.000
    X3                 2.435      0.250      9.749      0.000
    X4                 2.102      0.233      9.007      0.000
    X5                 2.188      0.238      9.190      0.000
    X6                 4.067      0.389     10.444      0.000
    X7                 2.511      0.252      9.948      0.000
    X8                 5.359      0.507     10.578      0.000
    X9                 4.058      0.386     10.506      0.000
    X10                5.202      0.485     10.718      0.000
    X11                4.115      0.371     11.095      0.000
    X12                5.242      0.474     11.062      0.000
    X13               10.648      0.955     11.145      0.000
    X14                1.746      0.174     10.050      0.000
    X15                1.638      0.170      9.659      0.000
    X16                0.887      0.109      8.158      0.000
    X17                0.523      0.087      5.992      0.000
    X18                6.352      0.574     11.076      0.000
    X19                7.903      0.709     11.147      0.000
    X20                5.364      0.482     11.131      0.000
    X21                6.325      0.568     11.134      0.000
    X22                1.755      0.168     10.463      0.000
    X23                0.822      0.082      9.998      0.000
    X24                2.857      0.258     11.077      0.000
    X25                3.318      0.299     11.093      0.000
    X26                1.353      0.128     10.539      0.000
    X27                2.530      0.229     11.064      0.000
    X28                3.391      0.306     11.091      0.000
    X29                0.295      0.048      6.132      0.000
    X30                0.472      0.055      8.508      0.000

Group ENGLISH

 EMOTION  BY
    X1                 1.000      0.000    999.000    999.000
    X2                 1.163      0.089     13.008      0.000
    X3                 1.300      0.094     13.820      0.000
    X4                 1.463      0.102     14.351      0.000
    X5                 1.457      0.101     14.467      0.000
    X6                 1.215      0.098     12.441      0.000
    X7                 1.254      0.092     13.625      0.000
    X8                 1.275      0.103     12.349      0.000
    X9                 1.156      0.092     12.530      0.000
    X10                1.102      0.097     11.392      0.000

 INSTRUM  BY
    X11                1.000      0.000    999.000    999.000
    X12                1.149      0.212      5.410      0.000
    X13                0.937      0.240      3.909      0.000
    X14                2.633      0.369      7.137      0.000
    X15                2.888      0.402      7.184      0.000
    X16                2.899      0.400      7.256      0.000
    X17                3.043      0.418      7.287      0.000
    X18                1.108      0.216      5.134      0.000
    X19                0.637      0.196      3.247      0.001
    X20                0.897      0.193      4.658      0.000

 NURSING  BY
    X21                1.000      0.000    999.000    999.000
    X22                2.144      0.411      5.212      0.000
    X23                1.895      0.360      5.264      0.000
    X24                0.726      0.190      3.823      0.000
    X25                1.019      0.232      4.394      0.000
    X26                1.778      0.343      5.180      0.000
    X27                0.936      0.214      4.372      0.000
    X28                0.904      0.222      4.078      0.000
    X29                2.324      0.435      5.347      0.000
    X30                2.161      0.406      5.319      0.000

 INSTRUM  WITH
    EMOTION            0.714      0.140      5.085      0.000

 NURSING  WITH
    EMOTION            0.437      0.113      3.875      0.000
    INSTRUM            0.280      0.074      3.789      0.000

 Means
    EMOTION           -0.292      0.150     -1.949      0.051
    INSTRUM           -0.314      0.079     -3.987      0.000
    NURSING           -0.032      0.057     -0.559      0.576

 Intercepts
    X1                 7.676      0.140     54.742      0.000
    X2                 7.191      0.175     41.180      0.000
    X3                 7.378      0.151     48.751      0.000
    X4                 7.157      0.164     43.712      0.000
    X5                 7.893      0.183     43.218      0.000
    X6                 7.154      0.155     46.134      0.000
    X7                 7.872      0.148     53.371      0.000
    X8                 6.923      0.165     41.973      0.000
    X9                 7.264      0.148     49.195      0.000
    X10                7.120      0.152     46.822      0.000
    X11                7.817      0.109     71.953      0.000
    X12                8.063      0.117     68.762      0.000
    X13                6.143      0.155     39.543      0.000
    X14                8.525      0.133     63.893      0.000
    X15                8.491      0.142     59.750      0.000
    X16                7.617      0.137     55.561      0.000
    X17                8.672      0.140     61.861      0.000
    X18                8.251      0.124     66.648      0.000
    X19                8.008      0.132     60.607      0.000
    X20                8.011      0.116     68.804      0.000
    X21                7.834      0.117     67.039      0.000
    X22                7.973      0.101     79.216      0.000
    X23                5.653      0.083     68.440      0.000
    X24                7.124      0.083     85.425      0.000
    X25                6.946      0.088     78.863      0.000
    X26                7.437      0.086     86.804      0.000
    X27                7.199      0.082     87.888      0.000
    X28                8.190      0.092     89.097      0.000
    X29                6.654      0.091     73.041      0.000
    X30                6.706      0.087     76.852      0.000

 Variances
    EMOTION            2.501      0.389      6.436      0.000
    INSTRUM            0.553      0.159      3.477      0.001
    NURSING            0.402      0.154      2.608      0.009

 Residual Variances
    X1                 4.535      0.426     10.656      0.000
    X2                 3.459      0.334     10.365      0.000
    X3                 2.765      0.280      9.857      0.000
    X4                 2.437      0.259      9.400      0.000
    X5                 1.846      0.209      8.827      0.000
    X6                 4.595      0.436     10.528      0.000
    X7                 2.852      0.286      9.967      0.000
    X8                 4.587      0.441     10.396      0.000
    X9                 3.582      0.345     10.397      0.000
    X10                5.084      0.481     10.578      0.000
    X11                5.591      0.503     11.120      0.000
    X12                5.342      0.482     11.086      0.000
    X13               10.620      0.953     11.142      0.000
    X14                2.088      0.208     10.030      0.000
    X15                1.716      0.179      9.605      0.000
    X16                1.082      0.128      8.444      0.000
    X17                0.568      0.099      5.734      0.000
    X18                5.898      0.532     11.094      0.000
    X19                7.992      0.717     11.154      0.000
    X20                6.140      0.551     11.134      0.000
    X21                5.901      0.530     11.137      0.000
    X22                1.822      0.174     10.471      0.000
    X23                0.851      0.085     10.001      0.000
    X24                3.331      0.301     11.055      0.000
    X25                2.969      0.268     11.095      0.000
    X26                1.494      0.141     10.623      0.000
    X27                2.907      0.263     11.067      0.000
    X28                3.899      0.351     11.116      0.000
    X29                0.233      0.045      5.210      0.000
    X30                0.496      0.059      8.466      0.000


QUALITY OF NUMERICAL RESULTS

     Condition Number for the Information Matrix              0.776E-04
       (ratio of smallest to largest eigenvalue)


     Beginning Time:  22:48:36
        Ending Time:  22:48:37
       Elapsed Time:  00:00:01



MUTHEN & MUTHEN
3463 Stoner Ave.
Los Angeles, CA  90066

Tel: (310) 391-9971
Fax: (310) 391-8971
Web: www.StatModel.com
Support: Support@StatModel.com

Copyright (c) 1998-2021 Muthen & Muthen
